#
# A fatal error has been detected by the Java Runtime Environment:
#
#  EXCEPTION_ACCESS_VIOLATION (0xc0000005) at pc=0x000000006f69ffc0, pid=1584, tid=0x0000000000001770
#
# JRE version: Java(TM) SE Runtime Environment (8.0_172-b11) (build 1.8.0_172-b11)
# Java VM: Java HotSpot(TM) 64-Bit Server VM (25.172-b11 mixed mode windows-amd64 compressed oops)
# Problematic frame:
# V  [jvm.dll+0x49ffc0]
#
# Failed to write core dump. Minidumps are not enabled by default on client versions of Windows
#
# If you would like to submit a bug report, please visit:
#   http://bugreport.java.com/bugreport/crash.jsp
#

---------------  T H R E A D  ---------------

Current thread (0x000000001e778000):  JavaThread "C2 CompilerThread0" daemon [_thread_in_native, id=6000, stack(0x000000001eff0000,0x000000001f0f0000)]

siginfo: ExceptionCode=0xc0000005, reading address 0x00000000000000a8

Registers:
RAX=0x0000000000000000, RBX=0x0000000022172c50, RCX=0x0000000000000015, RDX=0x000000000000000d
RSP=0x000000001f0ebf20, RBP=0x00000000000015d9, RSI=0x000000001f0ec020, RDI=0x00000000000015d9
R8 =0x0000000000038e1b, R9 =0x00000000000051e0, R10=0x000000006f200000, R11=0x000000001f0ebe10
R12=0x000000006fa24350, R13=0x000000006f200000, R14=0x000000001e77f7d8, R15=0x00000000000003d8
RIP=0x000000006f69ffc0, EFLAGS=0x0000000000010213

Top of Stack: (sp=0x000000001f0ebf20)
0x000000001f0ebf20:   0000000022172430 000000001f0ec020
0x000000001f0ebf30:   00000000000015d9 000000001f0ec020
0x000000001f0ebf40:   000051e200038e1b 0000000000000008
0x000000001f0ebf50:   000000006fa34350 0000000000000052
0x000000001f0ebf60:   0000000020add4d0 0000000000000052
0x000000001f0ebf70:   0000000021f1a7f0 000000001f0ec310
0x000000001f0ebf80:   000000001e77f400 000000001f0ec310
0x000000001f0ebf90:   000000001e77f3f0 000000006f66be31
0x000000001f0ebfa0:   0000000000000000 000000001f0ec0a0
0x000000001f0ebfb0:   0000000000000000 000000000000000d
0x000000001f0ebfc0:   0000000000000006 000000001e77f3f0
0x000000001f0ebfd0:   00000000223c6c00 00000000223cb890
0x000000001f0ebfe0:   00000000223cebe8 000000000186a118
0x000000001f0ebff0:   0000000000000006 000000001e77ec10
0x000000001f0ec000:   000000001e77ec10 000000001e77ec20
0x000000001f0ec010:   000000001e77eff8 00000000000003d8 

Instructions: (pc=0x000000006f69ffc0)
0x000000006f69ffa0:   c0 74 68 8b c0 48 8d 1c 80 48 c1 e3 05 48 03 5e
0x000000006f69ffb0:   10 85 ff 74 93 48 8b 43 08 48 8b cd 48 c1 e9 08
0x000000006f69ffc0:   4c 8b 0c c8 4d 3b cc 75 0d 8b d7 48 8b cb e8 8d
0x000000006f69ffd0:   4a 00 00 4c 8b c8 8b d7 8b cf 41 b8 01 00 00 00 


Register to memory mapping:

RAX=0x0000000000000000 is an unknown value
RBX=0x0000000022172c50 is an unknown value
RCX=0x0000000000000015 is an unknown value
RDX=0x000000000000000d is an unknown value
RSP=0x000000001f0ebf20 is pointing into the stack for thread: 0x000000001e778000
RBP=0x00000000000015d9 is an unknown value
RSI=0x000000001f0ec020 is pointing into the stack for thread: 0x000000001e778000
RDI=0x00000000000015d9 is an unknown value
R8 =0x0000000000038e1b is an unknown value
R9 =0x00000000000051e0 is an unknown value
R10=0x000000006f200000 is an unknown value
R11=0x000000001f0ebe10 is pointing into the stack for thread: 0x000000001e778000
R12=0x000000006fa24350 is an unknown value
R13=0x000000006f200000 is an unknown value
R14=0x000000001e77f7d8 is an unknown value
R15=0x00000000000003d8 is an unknown value


Stack: [0x000000001eff0000,0x000000001f0f0000],  sp=0x000000001f0ebf20,  free space=1007k
Native frames: (J=compiled Java code, j=interpreted, Vv=VM code, C=native code)
V  [jvm.dll+0x49ffc0]
V  [jvm.dll+0x46be31]
V  [jvm.dll+0x4771bb]
V  [jvm.dll+0x479ac7]
V  [jvm.dll+0x45c2c2]
V  [jvm.dll+0xa68f2]
V  [jvm.dll+0xa723f]
V  [jvm.dll+0x24645f]
V  [jvm.dll+0x29ee4a]
C  [msvcr100.dll+0x21d9f]
C  [msvcr100.dll+0x21e3b]
C  [kernel32.dll+0x159cd]
C  [ntdll.dll+0x2a561]


Current CompileTask:
C2:   1655  401       4       org.eclipse.jdt.launching.internal.org.objectweb.asm.ClassReader::readCode (5089 bytes)


---------------  P R O C E S S  ---------------

Java Threads: ( => current thread )
  0x0000000020e97800 JavaThread "background-preinit" [_thread_blocked, id=5388, stack(0x0000000021d40000,0x0000000021e40000)]
  0x000000001e802800 JavaThread "Service Thread" daemon [_thread_blocked, id=3992, stack(0x000000001f100000,0x000000001f200000)]
  0x000000001e77b800 JavaThread "C1 CompilerThread2" daemon [_thread_blocked, id=8100, stack(0x000000001f390000,0x000000001f490000)]
  0x000000001e77a800 JavaThread "C2 CompilerThread1" daemon [_thread_in_vm, id=5220, stack(0x000000001f250000,0x000000001f350000)]
=>0x000000001e778000 JavaThread "C2 CompilerThread0" daemon [_thread_in_native, id=6000, stack(0x000000001eff0000,0x000000001f0f0000)]
  0x000000001d7dd800 JavaThread "JDWP Command Reader" daemon [_thread_in_native, id=2160, stack(0x000000001e480000,0x000000001e580000)]
  0x000000001d7dc000 JavaThread "JDWP Event Helper Thread" daemon [_thread_blocked, id=6756, stack(0x000000001e5e0000,0x000000001e6e0000)]
  0x000000001d7ce800 JavaThread "JDWP Transport Listener: dt_socket" daemon [_thread_blocked, id=548, stack(0x000000001e340000,0x000000001e440000)]
  0x000000001d7b2800 JavaThread "Attach Listener" daemon [_thread_blocked, id=6104, stack(0x000000001dba0000,0x000000001dca0000)]
  0x000000001c1fa000 JavaThread "Signal Dispatcher" daemon [_thread_blocked, id=5752, stack(0x000000001d230000,0x000000001d330000)]
  0x000000001c1e2800 JavaThread "Finalizer" daemon [_thread_blocked, id=7660, stack(0x000000001d6a0000,0x000000001d7a0000)]
  0x000000001c19b800 JavaThread "Reference Handler" daemon [_thread_blocked, id=7700, stack(0x000000001d510000,0x000000001d610000)]
  0x00000000025bd800 JavaThread "main" [_thread_in_Java, id=6188, stack(0x00000000026f0000,0x00000000027f0000)]

Other Threads:
  0x000000001c194800 VMThread [stack: 0x000000001d360000,0x000000001d460000] [id=7740]
  0x000000001e895800 WatcherThread [stack: 0x000000001f5f0000,0x000000001f6f0000] [id=7848]

VM state:not at safepoint (normal execution)

VM Mutex/Monitor currently owned by a thread: None

Heap:
 PSYoungGen      total 76288K, used 60424K [0x000000076ab00000, 0x0000000770000000, 0x00000007c0000000)
  eden space 65536K, 92% used [0x000000076ab00000,0x000000076e602158,0x000000076eb00000)
  from space 10752K, 0% used [0x000000076f580000,0x000000076f580000,0x0000000770000000)
  to   space 10752K, 0% used [0x000000076eb00000,0x000000076eb00000,0x000000076f580000)
 ParOldGen       total 175104K, used 0K [0x00000006c0000000, 0x00000006cab00000, 0x000000076ab00000)
  object space 175104K, 0% used [0x00000006c0000000,0x00000006c0000000,0x00000006cab00000)
 Metaspace       used 10700K, capacity 10968K, committed 11008K, reserved 1058816K
  class space    used 1203K, capacity 1266K, committed 1280K, reserved 1048576K

Card table byte_map: [0x0000000011cb0000,0x00000000124c0000] byte_map_base: 0x000000000e6b0000

Marking Bits: (ParMarkBitMap*) 0x000000006fa23c10
 Begin Bits: [0x0000000013000000, 0x0000000017000000)
 End Bits:   [0x0000000017000000, 0x000000001b000000)

Polling page: 0x0000000000220000

CodeCache: size=245760Kb used=4145Kb max_used=4157Kb free=241614Kb
 bounds [0x00000000028f0000, 0x0000000002d10000, 0x00000000118f0000]
 total_blobs=1266 nmethods=941 adapters=247
 compilation: enabled

Compilation events (10 events):
Event: 1.629 Thread 0x000000001e77b800  936       3       java.lang.Class::forName (53 bytes)
Event: 1.630 Thread 0x000000001e77b800 nmethod 936 0x0000000002cea550 code [0x0000000002cea700, 0x0000000002ceadc8]
Event: 1.630 Thread 0x000000001e77b800  937       3       sun.reflect.generics.tree.SimpleClassTypeSignature::make (11 bytes)
Event: 1.630 Thread 0x000000001e77b800 nmethod 937 0x0000000002ceb010 code [0x0000000002ceb180, 0x0000000002ceb410]
Event: 1.630 Thread 0x000000001e77b800  939       3       sun.reflect.generics.parser.SignatureParser::parsePackageNameAndSimpleClassTypeSignature (139 bytes)
Event: 1.632 Thread 0x000000001e77b800 nmethod 939 0x0000000002ceb550 code [0x0000000002ceb8c0, 0x0000000002ced2e8]
Event: 1.632 Thread 0x000000001e77b800  938       3       sun.reflect.generics.parser.SignatureParser::parseClassTypeSignature (118 bytes)
Event: 1.634 Thread 0x000000001e77b800 nmethod 938 0x0000000002cee1d0 code [0x0000000002cee580, 0x0000000002cf00e8]
Event: 1.634 Thread 0x000000001e77b800  940       3       sun.reflect.generics.parser.SignatureParser::parseClassTypeSignatureSuffix (29 bytes)
Event: 1.634 Thread 0x000000001e77b800 nmethod 940 0x0000000002cf11d0 code [0x0000000002cf1380, 0x0000000002cf16f8]

GC Heap History (0 events):
No events

Deoptimization events (10 events):
Event: 1.626 Thread 0x0000000020e97800 Uncommon trap: reason=range_check action=none pc=0x0000000002cd5e24 method=sun.reflect.generics.parser.SignatureParser.current()C @ 34
Event: 1.628 Thread 0x00000000025bd800 Uncommon trap: reason=range_check action=none pc=0x0000000002cd5e24 method=sun.reflect.generics.parser.SignatureParser.current()C @ 34
Event: 1.629 Thread 0x0000000020e97800 Uncommon trap: reason=range_check action=none pc=0x0000000002cd5e24 method=sun.reflect.generics.parser.SignatureParser.current()C @ 34
Event: 1.630 Thread 0x00000000025bd800 Uncommon trap: reason=range_check action=none pc=0x0000000002cd5e24 method=sun.reflect.generics.parser.SignatureParser.current()C @ 34
Event: 1.632 Thread 0x00000000025bd800 Uncommon trap: reason=range_check action=none pc=0x0000000002cd5e24 method=sun.reflect.generics.parser.SignatureParser.current()C @ 34
Event: 1.633 Thread 0x00000000025bd800 Uncommon trap: reason=range_check action=none pc=0x0000000002cd5e24 method=sun.reflect.generics.parser.SignatureParser.current()C @ 34
Event: 1.635 Thread 0x00000000025bd800 Uncommon trap: reason=range_check action=none pc=0x0000000002cd5e24 method=sun.reflect.generics.parser.SignatureParser.current()C @ 34
Event: 1.635 Thread 0x0000000020e97800 Uncommon trap: reason=range_check action=none pc=0x0000000002cd5e24 method=sun.reflect.generics.parser.SignatureParser.current()C @ 34
Event: 1.637 Thread 0x00000000025bd800 Uncommon trap: reason=range_check action=none pc=0x0000000002cd5e24 method=sun.reflect.generics.parser.SignatureParser.current()C @ 34
Event: 1.637 Thread 0x0000000020e97800 Uncommon trap: reason=range_check action=none pc=0x0000000002cd5e24 method=sun.reflect.generics.parser.SignatureParser.current()C @ 34

Classes redefined (0 events):
No events

Internal exceptions (10 events):
Event: 1.626 Thread 0x0000000020e97800 Exception <a 'java/lang/ArrayIndexOutOfBoundsException': 106> (0x000000076e216e00) thrown at [C:\re\workspace\8-2-build-windows-amd64-cygwin\jdk8u172\10810\hotspot\src\share\vm\interpreter\interpreterRuntime.cpp, line 366]
Event: 1.628 Thread 0x00000000025bd800 Exception <a 'java/lang/ArrayIndexOutOfBoundsException': 110> (0x000000076e3b3f18) thrown at [C:\re\workspace\8-2-build-windows-amd64-cygwin\jdk8u172\10810\hotspot\src\share\vm\interpreter\interpreterRuntime.cpp, line 366]
Event: 1.629 Thread 0x0000000020e97800 Exception <a 'java/lang/ArrayIndexOutOfBoundsException': 110> (0x000000076e219690) thrown at [C:\re\workspace\8-2-build-windows-amd64-cygwin\jdk8u172\10810\hotspot\src\share\vm\interpreter\interpreterRuntime.cpp, line 366]
Event: 1.630 Thread 0x00000000025bd800 Exception <a 'java/lang/ArrayIndexOutOfBoundsException': 110> (0x000000076e3c8f08) thrown at [C:\re\workspace\8-2-build-windows-amd64-cygwin\jdk8u172\10810\hotspot\src\share\vm\interpreter\interpreterRuntime.cpp, line 366]
Event: 1.632 Thread 0x00000000025bd800 Exception <a 'java/lang/ArrayIndexOutOfBoundsException': 110> (0x000000076e3de230) thrown at [C:\re\workspace\8-2-build-windows-amd64-cygwin\jdk8u172\10810\hotspot\src\share\vm\interpreter\interpreterRuntime.cpp, line 366]
Event: 1.633 Thread 0x00000000025bd800 Exception <a 'java/lang/ArrayIndexOutOfBoundsException': 106> (0x000000076e3f2ec0) thrown at [C:\re\workspace\8-2-build-windows-amd64-cygwin\jdk8u172\10810\hotspot\src\share\vm\interpreter\interpreterRuntime.cpp, line 366]
Event: 1.635 Thread 0x00000000025bd800 Exception <a 'java/lang/ArrayIndexOutOfBoundsException': 110> (0x000000076e408648) thrown at [C:\re\workspace\8-2-build-windows-amd64-cygwin\jdk8u172\10810\hotspot\src\share\vm\interpreter\interpreterRuntime.cpp, line 366]
Event: 1.635 Thread 0x0000000020e97800 Exception <a 'java/lang/ArrayIndexOutOfBoundsException': 110> (0x000000076e21ba88) thrown at [C:\re\workspace\8-2-build-windows-amd64-cygwin\jdk8u172\10810\hotspot\src\share\vm\interpreter\interpreterRuntime.cpp, line 366]
Event: 1.637 Thread 0x00000000025bd800 Exception <a 'java/lang/ArrayIndexOutOfBoundsException': 120> (0x000000076e40a388) thrown at [C:\re\workspace\8-2-build-windows-amd64-cygwin\jdk8u172\10810\hotspot\src\share\vm\interpreter\interpreterRuntime.cpp, line 366]
Event: 1.637 Thread 0x0000000020e97800 Exception <a 'java/lang/ArrayIndexOutOfBoundsException': 120> (0x000000076e4c1de0) thrown at [C:\re\workspace\8-2-build-windows-amd64-cygwin\jdk8u172\10810\hotspot\src\share\vm\interpreter\interpreterRuntime.cpp, line 366]

Events (10 events):
Event: 1.638 loading class java/time/chrono/ChronoLocalDate done
Event: 1.638 loading class java/time/LocalDate done
Event: 1.638 loading class org/springframework/format/datetime/standard/DateTimeConverters$LocalDateTimeToLocalTimeConverter
Event: 1.639 loading class org/springframework/format/datetime/standard/DateTimeConverters$LocalDateTimeToLocalTimeConverter done
Event: 1.639 Thread 0x00000000025bd800 DEOPT PACKING pc=0x0000000002b5a589 sp=0x00000000027edac0
Event: 1.639 Thread 0x00000000025bd800 DEOPT UNPACKING pc=0x0000000002937490 sp=0x00000000027ed810 mode 1
Event: 1.639 Thread 0x00000000025bd800 DEOPT PACKING pc=0x0000000002b4b884 sp=0x00000000027edb40
Event: 1.639 Thread 0x00000000025bd800 DEOPT UNPACKING pc=0x0000000002937490 sp=0x00000000027ed960 mode 1
Event: 1.639 Thread 0x00000000025bd800 DEOPT PACKING pc=0x0000000002b4b61c sp=0x00000000027edcd0
Event: 1.639 Thread 0x00000000025bd800 DEOPT UNPACKING pc=0x0000000002937490 sp=0x00000000027edaf0 mode 1


Dynamic libraries:
0x000000013f4b0000 - 0x000000013f4e7000 	C:\Program Files\Java\jdk1.8.0_172\bin\javaw.exe
0x0000000077660000 - 0x000000007780a000 	C:\Windows\SYSTEM32\ntdll.dll
0x0000000077540000 - 0x000000007765f000 	C:\Windows\system32\kernel32.dll
0x000007fefd760000 - 0x000007fefd7ca000 	C:\Windows\system32\KERNELBASE.dll
0x000007feff0d0000 - 0x000007feff1ab000 	C:\Windows\system32\ADVAPI32.dll
0x000007fefd980000 - 0x000007fefda1f000 	C:\Windows\system32\msvcrt.dll
0x000007fefdd20000 - 0x000007fefdd3f000 	C:\Windows\SYSTEM32\sechost.dll
0x000007fefda40000 - 0x000007fefdb6d000 	C:\Windows\system32\RPCRT4.dll
0x0000000077440000 - 0x000000007753a000 	C:\Windows\system32\USER32.dll
0x000007fefdc10000 - 0x000007fefdc77000 	C:\Windows\system32\GDI32.dll
0x000007feff440000 - 0x000007feff44e000 	C:\Windows\system32\LPK.dll
0x000007feff560000 - 0x000007feff62a000 	C:\Windows\system32\USP10.dll
0x000007fefc1a0000 - 0x000007fefc394000 	C:\Windows\WinSxS\amd64_microsoft.windows.common-controls_6595b64144ccf1df_6.0.7601.17514_none_fa396087175ac9ac\COMCTL32.dll
0x000007fefee20000 - 0x000007fefee91000 	C:\Windows\system32\SHLWAPI.dll
0x000007feff410000 - 0x000007feff43e000 	C:\Windows\system32\IMM32.DLL
0x000007feff450000 - 0x000007feff559000 	C:\Windows\system32\MSCTF.dll
0x0000000074580000 - 0x0000000074652000 	C:\Program Files\Java\jdk1.8.0_172\jre\bin\msvcr100.dll
0x000000006f200000 - 0x000000006faa3000 	C:\Program Files\Java\jdk1.8.0_172\jre\bin\server\jvm.dll
0x000007fef92e0000 - 0x000007fef92e9000 	C:\Windows\system32\WSOCK32.dll
0x000007feff020000 - 0x000007feff06d000 	C:\Windows\system32\WS2_32.dll
0x000007fefde70000 - 0x000007fefde78000 	C:\Windows\system32\NSI.dll
0x000007fef9940000 - 0x000007fef997b000 	C:\Windows\system32\WINMM.dll
0x000007fefc6f0000 - 0x000007fefc6fc000 	C:\Windows\system32\VERSION.dll
0x0000000077830000 - 0x0000000077837000 	C:\Windows\system32\PSAPI.DLL
0x0000000074750000 - 0x000000007475f000 	C:\Program Files\Java\jdk1.8.0_172\jre\bin\verify.dll
0x0000000074720000 - 0x0000000074749000 	C:\Program Files\Java\jdk1.8.0_172\jre\bin\java.dll
0x00000000746e0000 - 0x0000000074715000 	C:\Program Files\Java\jdk1.8.0_172\jre\bin\jdwp.dll
0x00000000746d0000 - 0x00000000746d8000 	C:\Program Files\Java\jdk1.8.0_172\jre\bin\npt.dll
0x0000000074550000 - 0x0000000074573000 	C:\Program Files\Java\jdk1.8.0_172\jre\bin\instrument.dll
0x0000000074530000 - 0x0000000074546000 	C:\Program Files\Java\jdk1.8.0_172\jre\bin\zip.dll
0x000007fefe090000 - 0x000007fefee18000 	C:\Windows\system32\SHELL32.dll
0x000007fefde80000 - 0x000007fefe083000 	C:\Windows\system32\ole32.dll
0x000007fefd5b0000 - 0x000007fefd5bf000 	C:\Windows\system32\profapi.dll
0x0000000074520000 - 0x0000000074529000 	C:\Program Files\Java\jdk1.8.0_172\jre\bin\dt_socket.dll
0x000007fefb900000 - 0x000007fefb915000 	C:\Windows\system32\NLAapi.dll
0x000007fefa3e0000 - 0x000007fefa3f5000 	C:\Windows\system32\napinsp.dll
0x000007fefa400000 - 0x000007fefa419000 	C:\Windows\system32\pnrpnsp.dll
0x000007fefcde0000 - 0x000007fefce35000 	C:\Windows\System32\mswsock.dll
0x000007fefcc60000 - 0x000007fefccbb000 	C:\Windows\system32\DNSAPI.dll
0x000007fef0380000 - 0x000007fef038b000 	C:\Windows\System32\winrnr.dll
0x0000000073ed0000 - 0x0000000073ef6000 	C:\Program Files\Bonjour\mdnsNSP.dll
0x000007fefafa0000 - 0x000007fefafc7000 	C:\Windows\system32\Iphlpapi.DLL
0x000007fefaf90000 - 0x000007fefaf9b000 	C:\Windows\system32\WINNSI.DLL
0x000007fefae90000 - 0x000007fefaee3000 	C:\Windows\System32\fwpuclnt.dll
0x000007fefa670000 - 0x000007fefa678000 	C:\Windows\system32\rasadhlp.dll
0x000007fefc7e0000 - 0x000007fefc7e7000 	C:\Windows\System32\wshtcpip.dll
0x000007fef0d60000 - 0x000007fef0e85000 	C:\Windows\system32\dbghelp.dll

VM Arguments:
jvm_args: -agentlib:jdwp=transport=dt_socket,suspend=y,address=localhost:11441 -javaagent:C:\dev\eclipse\eclipse\configuration\org.eclipse.osgi\221\0\.cp\lib\javaagent-shaded.jar -Dfile.encoding=UTF-8 
java_command: com.next.infra.odata4.AppOdata4Jpa
java_class_path (initial): C:\Users\sunxufei\Documents\GitHub\poc\infra-odata4\target\classes;C:\Users\sunxufei\.m2\repository\org\apache\olingo\odata-commons-core\4.5.0\odata-commons-core-4.5.0.jar;C:\Users\sunxufei\.m2\repository\org\apache\olingo\odata-commons-api\4.5.0\odata-commons-api-4.5.0.jar;C:\Users\sunxufei\.m2\repository\commons-codec\commons-codec\1.9\commons-codec-1.9.jar;C:\Users\sunxufei\Documents\GitHub\olingo-jpa-processor-v4\jpa\odata-jpa-processor\target\classes;C:\Users\sunxufei\Documents\GitHub\olingo-jpa-processor-v4\jpa\odata-jpa-annotation\target\classes;C:\Users\sunxufei\.m2\repository\org\apache\olingo\odata-server-core\4.5.0\odata-server-core-4.5.0.jar;C:\Users\sunxufei\.m2\repository\com\fasterxml\jackson\core\jackson-core\2.9.7\jackson-core-2.9.7.jar;C:\Users\sunxufei\.m2\repository\com\fasterxml\jackson\core\jackson-databind\2.9.7\jackson-databind-2.9.7.jar;C:\Users\sunxufei\.m2\repository\com\fasterxml\aalto-xml\0.9.10\aalto-xml-0.9.10.jar;C:\Users\sunxufei\.m2\repository\org\eclipse\persistence\javax.persistence\2.1.0\javax.persistence-2.1.0.jar;C:\Users\sunxufei\Documents\GitHub\olingo-jpa-processor-v4\jpa\odata-jpa-metadata\target\classes;C:\Users\sunxufei\.m2\repository\com\fasterxml\jackson\dataformat\jackson-dataformat-xml\2.9.8\jackson-dataformat-xml-2.9.8.jar;C:\Users\sunxufei\.m2\repository\com\fasterxml\jackson\core\jackson-annotations\2.9.0\jackson-annotations-2.9.0.jar;C:\Users\sunxufei\.m2\repository\com\fasterxml\jackson\module\jackson-module-jaxb-annotations\2.9.8\jackson-module-jaxb-annotations-2.9.8.jar;C:\Users\sunxufei\.m2\repository\org\codehaus\woodstox\stax2-api\3.1.4\stax2-api-3.1.4.jar;C:\Users\sunxufei\.m2\repository\com\fasterxml\woodstox\woodstox-core\5.0.3\woodstox-core-5.0.3.jar;C:\Users\sunxufei\.m2\repository\com\fasterxml\jackson\dataformat\jackson-dataformat-yaml\2.7.8\jackson-dataformat-yaml-2.7.8.jar;C:\Users\sunxufei\.m2\repository\org\yaml\snakeyaml\1.23\snakeyaml-1.23.jar;C:\Users\sunxufei\.m2\r
Launcher Type: SUN_STANDARD

Environment Variables:
JAVA_HOME=C:\Program Files\Java\jdk1.8.0_172
PATH=C:\Program Files\Java\jdk1.8.0_172\jre\bin;C:/Program Files/Java/jre1.8.0_172/bin/server;C:/Program Files/Java/jre1.8.0_172/bin;C:/Program Files/Java/jre1.8.0_172/lib/amd64;C:\Program Files (x86)\Common Files\Oracle\Java\javapath;C:\Windows\system32;C:\Windows;C:\Windows\System32\Wbem;C:\Windows\System32\WindowsPowerShell\v1.0\;C:\Program Files (x86)\ATI Technologies\ATI.ACE\Core-Static;C:\Program Files\PuTTY\;C:\Program Files\Git\cmd;C:\Program Files\Microsoft SQL Server\Client SDK\ODBC\110\Tools\Binn\;C:\Program Files (x86)\Microsoft SQL Server\120\Tools\Binn\;C:\Program Files\Microsoft SQL Server\120\Tools\Binn\;C:\Program Files\Microsoft SQL Server\120\DTS\Binn\;C:\Program Files (x86)\Microsoft SQL Server\120\Tools\Binn\ManagementStudio\;C:\Program Files (x86)\Microsoft SQL Server\120\DTS\Binn\;C:\Program Files (x86)\Common Files\Propellerhead Software\ReWire\;C:\Program Files\Common Files\Propellerhead Software\ReWire\;C:\Users\sunxufei\AppData\Local\Programs\Python\Python37-32\Scripts\;C:\Users\sunxufei\AppData\Local\Programs\Python\Python37-32\;C:\Users\sunxufei\AppData\Local\GitHubDesktop\bin;C:\dev\apache-maven\bin;C:\Program Files\Java\jdk1.8.0_172\bin;C:\dev\gradle-4.9\bin;C:\dev\eclipse\eclipse;
USERNAME=sunxufei
OS=Windows_NT
PROCESSOR_IDENTIFIER=AMD64 Family 16 Model 5 Stepping 3, AuthenticAMD



---------------  S Y S T E M  ---------------

OS: Windows 7 , 64 bit Build 7601 (6.1.7601.23677)

CPU:total 4 (initial active 4) (4 cores per cpu, 1 threads per core) family 16 model 5 stepping 3, cmov, cx8, fxsr, mmx, sse, sse2, sse3, popcnt, mmxext, 3dnowpref, lzcnt, sse4a, tsc, tscinvbit, tscinv

Memory: 4k page, physical 16776340k(11804432k free), swap 17823056k(12043332k free)

vm_info: Java HotSpot(TM) 64-Bit Server VM (25.172-b11) for windows-amd64 JRE (1.8.0_172-b11), built on Mar 28 2018 21:21:52 by "java_re" with MS VC++ 10.0 (VS2010)

time: Sat Jan 12 13:39:12 2019
elapsed time: 1 seconds (0d 0h 0m 1s)

