#
# A fatal error has been detected by the Java Runtime Environment:
#
#  EXCEPTION_ACCESS_VIOLATION (0xc0000005) at pc=0x0000000062b64850, pid=7292, tid=0x0000000000001b3c
#
# JRE version: Java(TM) SE Runtime Environment (8.0_172-b11) (build 1.8.0_172-b11)
# Java VM: Java HotSpot(TM) 64-Bit Server VM (25.172-b11 mixed mode windows-amd64 compressed oops)
# Problematic frame:
# V  [jvm.dll+0x4a4850]
#
# Failed to write core dump. Minidumps are not enabled by default on client versions of Windows
#
# If you would like to submit a bug report, please visit:
#   http://bugreport.java.com/bugreport/crash.jsp
#

---------------  T H R E A D  ---------------

Current thread (0x000000001e8ec000):  JavaThread "C2 CompilerThread0" daemon [_thread_in_native, id=6972, stack(0x000000001e4c0000,0x000000001e5c0000)]

siginfo: ExceptionCode=0xc0000005, reading address 0x000000002467eed0

Registers:
RAX=0x000000001e8ddb60, RBX=0x00000000233d4710, RCX=0x000000001e5bc050, RDX=0x000000002467eed0
RSP=0x000000001e5bc028, RBP=0x000000001e5bc4b0, RSI=0x000000001e5bc1c0, RDI=0x000000000001023e
R8 =0x0000000000000005, R9 =0x000000001e8ddb60, R10=0x000000000001023e, R11=0x00000000000000a0
R12=0x0000000000000000, R13=0x000000000000752f, R14=0x00000000626c0000, R15=0x0000000000000000
RIP=0x0000000062b64850, EFLAGS=0x0000000000010202

Top of Stack: (sp=0x000000001e5bc028)
0x000000001e5bc028:   0000000062b602b8 0000000023caadf0
0x000000001e5bc038:   0000000022cd4630 000000001e5bc4b0
0x000000001e5bc048:   000000001e5bc1c0 000006fe00000000
0x000000001e5bc058:   0000000000000008 00000000229ec5c0
0x000000001e5bc068:   0000000000000001 0000000023c7e760
0x000000001e5bc078:   0000000000000001 0000000023c7e750
0x000000001e5bc088:   0000000023ce14a0 000000000000752f
0x000000001e5bc098:   0000000000000000 0000000000000001
0x000000001e5bc0a8:   0000000062b2a1c4 0000000022cd4630
0x000000001e5bc0b8:   000000001e5bc4b0 000000000001023e
0x000000001e5bc0c8:   0000000000016580 000006fe00000000
0x000000001e5bc0d8:   0000000000000008 00000000229ec5c0
0x000000001e5bc0e8:   0000000000000001 0000000023c7e760
0x000000001e5bc0f8:   0000000000000001 0000000023c7e750
0x000000001e5bc108:   0000000000000000 000000001e8ddf38
0x000000001e5bc118:   0000000000000000 00000000000003d8 

Instructions: (pc=0x0000000062b64850)
0x0000000062b64830:   89 44 03 f8 41 3b 99 90 00 00 00 72 d3 41 8b 02
0x0000000062b64840:   41 8b 09 48 8b 5c 24 08 41 89 01 41 89 0a c3 cc
0x0000000062b64850:   83 3a 00 4c 8b c2 c7 41 08 08 00 00 00 75 16 33
0x0000000062b64860:   d2 c7 41 18 01 00 00 00 c7 41 28 01 00 00 00 89 


Register to memory mapping:

RAX=0x000000001e8ddb60 is an unknown value
RBX=0x00000000233d4710 is pointing into metadata
RCX=0x000000001e5bc050 is pointing into the stack for thread: 0x000000001e8ec000
RDX=0x000000002467eed0 is an unknown value
RSP=0x000000001e5bc028 is pointing into the stack for thread: 0x000000001e8ec000
RBP=0x000000001e5bc4b0 is pointing into the stack for thread: 0x000000001e8ec000
RSI=0x000000001e5bc1c0 is pointing into the stack for thread: 0x000000001e8ec000
RDI=0x000000000001023e is an unknown value
R8 =0x0000000000000005 is an unknown value
R9 =0x000000001e8ddb60 is an unknown value
R10=0x000000000001023e is an unknown value
R11=0x00000000000000a0 is an unknown value
R12=0x0000000000000000 is an unknown value
R13=0x000000000000752f is an unknown value
R14=0x00000000626c0000 is an unknown value
R15=0x0000000000000000 is an unknown value


Stack: [0x000000001e4c0000,0x000000001e5c0000],  sp=0x000000001e5bc028,  free space=1008k
Native frames: (J=compiled Java code, j=interpreted, Vv=VM code, C=native code)
V  [jvm.dll+0x4a4850]


Current CompileTask:
C2:   6725 2614       4       org.springframework.boot.autoconfigure.condition.BeanTypeRegistry::updateBeanType (68 bytes)


---------------  P R O C E S S  ---------------

Java Threads: ( => current thread )
  0x000000001e900000 JavaThread "Service Thread" daemon [_thread_blocked, id=8172, stack(0x000000001f450000,0x000000001f550000)]
  0x000000001e8f0800 JavaThread "C1 CompilerThread2" daemon [_thread_blocked, id=4604, stack(0x000000001f070000,0x000000001f170000)]
  0x000000001e8f0000 JavaThread "C2 CompilerThread1" daemon [_thread_in_native, id=3620, stack(0x000000001f1d0000,0x000000001f2d0000)]
=>0x000000001e8ec000 JavaThread "C2 CompilerThread0" daemon [_thread_in_native, id=6972, stack(0x000000001e4c0000,0x000000001e5c0000)]
  0x000000001d67d000 JavaThread "JDWP Command Reader" daemon [_thread_in_native, id=8060, stack(0x000000001e750000,0x000000001e850000)]
  0x000000001d67c000 JavaThread "JDWP Event Helper Thread" daemon [_thread_blocked, id=7328, stack(0x000000001e610000,0x000000001e710000)]
  0x000000001d66e800 JavaThread "JDWP Transport Listener: dt_socket" daemon [_thread_blocked, id=7072, stack(0x000000001e370000,0x000000001e470000)]
  0x000000001d652800 JavaThread "Attach Listener" daemon [_thread_blocked, id=5924, stack(0x000000001dc70000,0x000000001dd70000)]
  0x000000001c0b9800 JavaThread "Signal Dispatcher" daemon [_thread_blocked, id=7812, stack(0x000000001da80000,0x000000001db80000)]
  0x000000001c0a2800 JavaThread "Finalizer" daemon [_thread_blocked, id=4972, stack(0x000000001d540000,0x000000001d640000)]
  0x000000001c05b800 JavaThread "Reference Handler" daemon [_thread_blocked, id=7080, stack(0x000000001d3a0000,0x000000001d4a0000)]
  0x00000000024bd800 JavaThread "main" [_thread_in_vm, id=5912, stack(0x00000000027d0000,0x00000000028d0000)]

Other Threads:
  0x000000001c054000 VMThread [stack: 0x000000001d1e0000,0x000000001d2e0000] [id=7508]
  0x000000001ea10000 WatcherThread [stack: 0x000000001f5b0000,0x000000001f6b0000] [id=6284]

VM state:not at safepoint (normal execution)

VM Mutex/Monitor currently owned by a thread: None

Heap:
 PSYoungGen      total 141824K, used 75542K [0x000000076ab00000, 0x0000000778600000, 0x00000007c0000000)
  eden space 131072K, 51% used [0x000000076ab00000,0x000000076ed69d28,0x0000000772b00000)
  from space 10752K, 70% used [0x0000000772b00000,0x000000077325bcd0,0x0000000773580000)
  to   space 8704K, 0% used [0x0000000777d80000,0x0000000777d80000,0x0000000778600000)
 ParOldGen       total 97792K, used 6706K [0x00000006c0000000, 0x00000006c5f80000, 0x000000076ab00000)
  object space 97792K, 6% used [0x00000006c0000000,0x00000006c068cbe8,0x00000006c5f80000)
 Metaspace       used 29189K, capacity 30022K, committed 30336K, reserved 1075200K
  class space    used 3674K, capacity 3867K, committed 3968K, reserved 1048576K

Card table byte_map: [0x0000000011c90000,0x00000000124a0000] byte_map_base: 0x000000000e690000

Marking Bits: (ParMarkBitMap*) 0x0000000062ee3c10
 Begin Bits: [0x0000000012ec0000, 0x0000000016ec0000)
 End Bits:   [0x0000000016ec0000, 0x000000001aec0000)

Polling page: 0x0000000000120000

CodeCache: size=245760Kb used=11257Kb max_used=11257Kb free=234502Kb
 bounds [0x00000000028d0000, 0x00000000033e0000, 0x00000000118d0000]
 total_blobs=3046 nmethods=2638 adapters=329
 compilation: enabled

Compilation events (10 events):
Event: 6.630 Thread 0x000000001e8f0800 2652       3       org.springframework.core.annotation.AnnotatedElementUtils::searchWithGetSemanticsInAnnotations (342 bytes)
Event: 6.633 Thread 0x000000001e8f0800 nmethod 2652 0x00000000033be510 code [0x00000000033be900, 0x00000000033c0dc8]
Event: 6.639 Thread 0x000000001e8f0800 2653       3       org.springframework.beans.factory.support.AbstractBeanFactory::isTypeMatch (555 bytes)
Event: 6.644 Thread 0x000000001e8f0800 nmethod 2653 0x00000000033cab50 code [0x00000000033cb1c0, 0x00000000033d0e18]
Event: 6.644 Thread 0x000000001e8f0800 2654       3       org.springframework.beans.factory.support.DefaultListableBeanFactory::requiresEagerInitForType (26 bytes)
Event: 6.645 Thread 0x000000001e8f0800 nmethod 2654 0x00000000033bdd90 code [0x00000000033bdf20, 0x00000000033be3b8]
Event: 6.645 Thread 0x000000001e8f0800 2656       3       org.springframework.core.ResolvableType$1::isAssignableFrom (24 bytes)
Event: 6.645 Thread 0x000000001e8f0800 nmethod 2656 0x00000000033d3050 code [0x00000000033d31c0, 0x00000000033d33e8]
Event: 6.645 Thread 0x000000001e8f0800 2657       1       org.springframework.beans.BeanMetadataAttribute::getValue (5 bytes)
Event: 6.645 Thread 0x000000001e8f0800 nmethod 2657 0x00000000033d3490 code [0x00000000033d35e0, 0x00000000033d36f0]

GC Heap History (10 events):
Event: 2.651 GC heap before
{Heap before GC invocations=2 (full 0):
 PSYoungGen      total 76288K, used 71000K [0x000000076ab00000, 0x0000000770000000, 0x00000007c0000000)
  eden space 65536K, 100% used [0x000000076ab00000,0x000000076eb00000,0x000000076eb00000)
  from space 10752K, 50% used [0x000000076eb00000,0x000000076f056160,0x000000076f580000)
  to   space 10752K, 0% used [0x000000076f580000,0x000000076f580000,0x0000000770000000)
 ParOldGen       total 175104K, used 16K [0x00000006c0000000, 0x00000006cab00000, 0x000000076ab00000)
  object space 175104K, 0% used [0x00000006c0000000,0x00000006c0004000,0x00000006cab00000)
 Metaspace       used 14822K, capacity 15256K, committed 15360K, reserved 1062912K
  class space    used 1836K, capacity 1958K, committed 2048K, reserved 1048576K
Event: 2.683 GC heap after
Heap after GC invocations=2 (full 0):
 PSYoungGen      total 76288K, used 6133K [0x000000076ab00000, 0x0000000774000000, 0x00000007c0000000)
  eden space 65536K, 0% used [0x000000076ab00000,0x000000076ab00000,0x000000076eb00000)
  from space 10752K, 57% used [0x000000076f580000,0x000000076fb7d6e8,0x0000000770000000)
  to   space 10752K, 0% used [0x000000076eb00000,0x000000076eb00000,0x000000076f580000)
 ParOldGen       total 175104K, used 24K [0x00000006c0000000, 0x00000006cab00000, 0x000000076ab00000)
  object space 175104K, 0% used [0x00000006c0000000,0x00000006c0006000,0x00000006cab00000)
 Metaspace       used 14822K, capacity 15256K, committed 15360K, reserved 1062912K
  class space    used 1836K, capacity 1958K, committed 2048K, reserved 1048576K
}
Event: 3.483 GC heap before
{Heap before GC invocations=3 (full 0):
 PSYoungGen      total 76288K, used 71669K [0x000000076ab00000, 0x0000000774000000, 0x00000007c0000000)
  eden space 65536K, 100% used [0x000000076ab00000,0x000000076eb00000,0x000000076eb00000)
  from space 10752K, 57% used [0x000000076f580000,0x000000076fb7d6e8,0x0000000770000000)
  to   space 10752K, 0% used [0x000000076eb00000,0x000000076eb00000,0x000000076f580000)
 ParOldGen       total 175104K, used 24K [0x00000006c0000000, 0x00000006cab00000, 0x000000076ab00000)
  object space 175104K, 0% used [0x00000006c0000000,0x00000006c0006000,0x00000006cab00000)
 Metaspace       used 18168K, capacity 18654K, committed 18944K, reserved 1064960K
  class space    used 2299K, capacity 2453K, committed 2560K, reserved 1048576K
Event: 3.525 GC heap after
Heap after GC invocations=3 (full 0):
 PSYoungGen      total 76288K, used 7733K [0x000000076ab00000, 0x0000000774000000, 0x00000007c0000000)
  eden space 65536K, 0% used [0x000000076ab00000,0x000000076ab00000,0x000000076eb00000)
  from space 10752K, 71% used [0x000000076eb00000,0x000000076f28d450,0x000000076f580000)
  to   space 10752K, 0% used [0x0000000773580000,0x0000000773580000,0x0000000774000000)
 ParOldGen       total 175104K, used 32K [0x00000006c0000000, 0x00000006cab00000, 0x000000076ab00000)
  object space 175104K, 0% used [0x00000006c0000000,0x00000006c0008000,0x00000006cab00000)
 Metaspace       used 18168K, capacity 18654K, committed 18944K, reserved 1064960K
  class space    used 2299K, capacity 2453K, committed 2560K, reserved 1048576K
}
Event: 4.073 GC heap before
{Heap before GC invocations=4 (full 0):
 PSYoungGen      total 76288K, used 47717K [0x000000076ab00000, 0x0000000774000000, 0x00000007c0000000)
  eden space 65536K, 61% used [0x000000076ab00000,0x000000076d20c048,0x000000076eb00000)
  from space 10752K, 71% used [0x000000076eb00000,0x000000076f28d450,0x000000076f580000)
  to   space 10752K, 0% used [0x0000000773580000,0x0000000773580000,0x0000000774000000)
 ParOldGen       total 175104K, used 32K [0x00000006c0000000, 0x00000006cab00000, 0x000000076ab00000)
  object space 175104K, 0% used [0x00000006c0000000,0x00000006c0008000,0x00000006cab00000)
 Metaspace       used 20547K, capacity 21082K, committed 21248K, reserved 1067008K
  class space    used 2570K, capacity 2727K, committed 2816K, reserved 1048576K
Event: 4.115 GC heap after
Heap after GC invocations=4 (full 0):
 PSYoungGen      total 141824K, used 6785K [0x000000076ab00000, 0x0000000774000000, 0x00000007c0000000)
  eden space 131072K, 0% used [0x000000076ab00000,0x000000076ab00000,0x0000000772b00000)
  from space 10752K, 63% used [0x0000000773580000,0x0000000773c20540,0x0000000774000000)
  to   space 10752K, 0% used [0x0000000772b00000,0x0000000772b00000,0x0000000773580000)
 ParOldGen       total 175104K, used 32K [0x00000006c0000000, 0x00000006cab00000, 0x000000076ab00000)
  object space 175104K, 0% used [0x00000006c0000000,0x00000006c0008000,0x00000006cab00000)
 Metaspace       used 20547K, capacity 21082K, committed 21248K, reserved 1067008K
  class space    used 2570K, capacity 2727K, committed 2816K, reserved 1048576K
}
Event: 4.115 GC heap before
{Heap before GC invocations=5 (full 1):
 PSYoungGen      total 141824K, used 6785K [0x000000076ab00000, 0x0000000774000000, 0x00000007c0000000)
  eden space 131072K, 0% used [0x000000076ab00000,0x000000076ab00000,0x0000000772b00000)
  from space 10752K, 63% used [0x0000000773580000,0x0000000773c20540,0x0000000774000000)
  to   space 10752K, 0% used [0x0000000772b00000,0x0000000772b00000,0x0000000773580000)
 ParOldGen       total 175104K, used 32K [0x00000006c0000000, 0x00000006cab00000, 0x000000076ab00000)
  object space 175104K, 0% used [0x00000006c0000000,0x00000006c0008000,0x00000006cab00000)
 Metaspace       used 20547K, capacity 21082K, committed 21248K, reserved 1067008K
  class space    used 2570K, capacity 2727K, committed 2816K, reserved 1048576K
Event: 4.222 GC heap after
Heap after GC invocations=5 (full 1):
 PSYoungGen      total 141824K, used 0K [0x000000076ab00000, 0x0000000774000000, 0x00000007c0000000)
  eden space 131072K, 0% used [0x000000076ab00000,0x000000076ab00000,0x0000000772b00000)
  from space 10752K, 0% used [0x0000000773580000,0x0000000773580000,0x0000000774000000)
  to   space 10752K, 0% used [0x0000000772b00000,0x0000000772b00000,0x0000000773580000)
 ParOldGen       total 97792K, used 6634K [0x00000006c0000000, 0x00000006c5f80000, 0x000000076ab00000)
  object space 97792K, 6% used [0x00000006c0000000,0x00000006c067abd8,0x00000006c5f80000)
 Metaspace       used 20546K, capacity 21076K, committed 21248K, reserved 1067008K
  class space    used 2569K, capacity 2726K, committed 2816K, reserved 1048576K
}
Event: 5.791 GC heap before
{Heap before GC invocations=6 (full 1):
 PSYoungGen      total 141824K, used 131072K [0x000000076ab00000, 0x0000000774000000, 0x00000007c0000000)
  eden space 131072K, 100% used [0x000000076ab00000,0x0000000772b00000,0x0000000772b00000)
  from space 10752K, 0% used [0x0000000773580000,0x0000000773580000,0x0000000774000000)
  to   space 10752K, 0% used [0x0000000772b00000,0x0000000772b00000,0x0000000773580000)
 ParOldGen       total 97792K, used 6634K [0x00000006c0000000, 0x00000006c5f80000, 0x000000076ab00000)
  object space 97792K, 6% used [0x00000006c0000000,0x00000006c067abd8,0x00000006c5f80000)
 Metaspace       used 26732K, capacity 27480K, committed 27648K, reserved 1073152K
  class space    used 3326K, capacity 3520K, committed 3584K, reserved 1048576K
Event: 5.818 GC heap after
Heap after GC invocations=6 (full 1):
 PSYoungGen      total 141824K, used 7535K [0x000000076ab00000, 0x0000000778600000, 0x00000007c0000000)
  eden space 131072K, 0% used [0x000000076ab00000,0x000000076ab00000,0x0000000772b00000)
  from space 10752K, 70% used [0x0000000772b00000,0x000000077325bcd0,0x0000000773580000)
  to   space 8704K, 0% used [0x0000000777d80000,0x0000000777d80000,0x0000000778600000)
 ParOldGen       total 97792K, used 6706K [0x00000006c0000000, 0x00000006c5f80000, 0x000000076ab00000)
  object space 97792K, 6% used [0x00000006c0000000,0x00000006c068cbe8,0x00000006c5f80000)
 Metaspace       used 26732K, capacity 27480K, committed 27648K, reserved 1073152K
  class space    used 3326K, capacity 3520K, committed 3584K, reserved 1048576K
}

Deoptimization events (10 events):
Event: 6.705 Thread 0x00000000024bd800 Uncommon trap: reason=unhandled action=none pc=0x0000000002f80f14 method=java.net.URLClassLoader.findClass(Ljava/lang/String;)Ljava/lang/Class; @ 44
Event: 6.708 Thread 0x00000000024bd800 Uncommon trap: reason=unhandled action=none pc=0x0000000002f80f14 method=java.net.URLClassLoader.findClass(Ljava/lang/String;)Ljava/lang/Class; @ 44
Event: 6.709 Thread 0x00000000024bd800 Uncommon trap: reason=unhandled action=none pc=0x0000000002f80f14 method=java.net.URLClassLoader.findClass(Ljava/lang/String;)Ljava/lang/Class; @ 44
Event: 6.712 Thread 0x00000000024bd800 Uncommon trap: reason=unhandled action=none pc=0x0000000002f80f14 method=java.net.URLClassLoader.findClass(Ljava/lang/String;)Ljava/lang/Class; @ 44
Event: 6.713 Thread 0x00000000024bd800 Uncommon trap: reason=unhandled action=none pc=0x0000000002f80f14 method=java.net.URLClassLoader.findClass(Ljava/lang/String;)Ljava/lang/Class; @ 44
Event: 6.714 Thread 0x00000000024bd800 Uncommon trap: reason=unhandled action=none pc=0x0000000002f80f14 method=java.net.URLClassLoader.findClass(Ljava/lang/String;)Ljava/lang/Class; @ 44
Event: 6.716 Thread 0x00000000024bd800 Uncommon trap: reason=unhandled action=none pc=0x0000000002f80f14 method=java.net.URLClassLoader.findClass(Ljava/lang/String;)Ljava/lang/Class; @ 44
Event: 6.717 Thread 0x00000000024bd800 Uncommon trap: reason=unhandled action=none pc=0x0000000002f80f14 method=java.net.URLClassLoader.findClass(Ljava/lang/String;)Ljava/lang/Class; @ 44
Event: 6.718 Thread 0x00000000024bd800 Uncommon trap: reason=unhandled action=none pc=0x0000000002f80f14 method=java.net.URLClassLoader.findClass(Ljava/lang/String;)Ljava/lang/Class; @ 44
Event: 6.719 Thread 0x00000000024bd800 Uncommon trap: reason=unhandled action=none pc=0x0000000002f80f14 method=java.net.URLClassLoader.findClass(Ljava/lang/String;)Ljava/lang/Class; @ 44

Classes redefined (0 events):
No events

Internal exceptions (10 events):
Event: 5.911 Thread 0x00000000024bd800 Exception <a 'java/lang/ArrayIndexOutOfBoundsException': 111> (0x000000076b1b9e60) thrown at [C:\re\workspace\8-2-build-windows-amd64-cygwin\jdk8u172\10810\hotspot\src\share\vm\interpreter\interpreterRuntime.cpp, line 366]
Event: 6.307 Thread 0x00000000024bd800 Exception <a 'java/lang/ArrayIndexOutOfBoundsException': 368> (0x000000076ce239c8) thrown at [C:\re\workspace\8-2-build-windows-amd64-cygwin\jdk8u172\10810\hotspot\src\share\vm\interpreter\interpreterRuntime.cpp, line 366]
Event: 6.312 Thread 0x00000000024bd800 Exception <a 'java/lang/ArrayIndexOutOfBoundsException': 506> (0x000000076ce5e930) thrown at [C:\re\workspace\8-2-build-windows-amd64-cygwin\jdk8u172\10810\hotspot\src\share\vm\interpreter\interpreterRuntime.cpp, line 366]
Event: 6.312 Thread 0x00000000024bd800 Exception <a 'java/lang/ArrayIndexOutOfBoundsException': 40> (0x000000076ce5f850) thrown at [C:\re\workspace\8-2-build-windows-amd64-cygwin\jdk8u172\10810\hotspot\src\share\vm\interpreter\interpreterRuntime.cpp, line 366]
Event: 6.431 Thread 0x00000000024bd800 Exception <a 'java/lang/ArrayIndexOutOfBoundsException': 182> (0x000000076d72abe0) thrown at [C:\re\workspace\8-2-build-windows-amd64-cygwin\jdk8u172\10810\hotspot\src\share\vm\interpreter\interpreterRuntime.cpp, line 366]
Event: 6.435 Thread 0x00000000024bd800 Exception <a 'java/lang/ArrayIndexOutOfBoundsException': 302> (0x000000076d7bc180) thrown at [C:\re\workspace\8-2-build-windows-amd64-cygwin\jdk8u172\10810\hotspot\src\share\vm\interpreter\interpreterRuntime.cpp, line 366]
Event: 6.443 Thread 0x00000000024bd800 Exception <a 'java/lang/ArrayIndexOutOfBoundsException': 175> (0x000000076d847048) thrown at [C:\re\workspace\8-2-build-windows-amd64-cygwin\jdk8u172\10810\hotspot\src\share\vm\interpreter\interpreterRuntime.cpp, line 366]
Event: 6.477 Thread 0x00000000024bd800 Exception <a 'java/lang/ArrayIndexOutOfBoundsException': 222> (0x000000076da43c00) thrown at [C:\re\workspace\8-2-build-windows-amd64-cygwin\jdk8u172\10810\hotspot\src\share\vm\interpreter\interpreterRuntime.cpp, line 366]
Event: 6.527 Thread 0x00000000024bd800 Exception <a 'java/lang/ArrayIndexOutOfBoundsException': 231> (0x000000076dfe1740) thrown at [C:\re\workspace\8-2-build-windows-amd64-cygwin\jdk8u172\10810\hotspot\src\share\vm\interpreter\interpreterRuntime.cpp, line 366]
Event: 6.569 Thread 0x00000000024bd800 Exception <a 'java/lang/ArrayIndexOutOfBoundsException': 228> (0x000000076e2cd7c8) thrown at [C:\re\workspace\8-2-build-windows-amd64-cygwin\jdk8u172\10810\hotspot\src\share\vm\interpreter\interpreterRuntime.cpp, line 366]

Events (10 events):
Event: 6.718 loading class org/springframework/asm/ModuleWriter
Event: 6.718 loading class org/springframework/asm/ModuleWriter done
Event: 6.718 Thread 0x00000000024bd800 Uncommon trap: trap_request=0xffffffa7 fr.pc=0x0000000002f80f14
Event: 6.718 Thread 0x00000000024bd800 DEOPT PACKING pc=0x0000000002f80f14 sp=0x00000000028cc800
Event: 6.718 Thread 0x00000000024bd800 DEOPT UNPACKING pc=0x000000000291583b sp=0x00000000028cc6d8 mode 2
Event: 6.719 loading class org/springframework/asm/FieldWriter
Event: 6.719 loading class org/springframework/asm/FieldWriter done
Event: 6.719 Thread 0x00000000024bd800 Uncommon trap: trap_request=0xffffffa7 fr.pc=0x0000000002f80f14
Event: 6.719 Thread 0x00000000024bd800 DEOPT PACKING pc=0x0000000002f80f14 sp=0x00000000028cc710
Event: 6.719 Thread 0x00000000024bd800 DEOPT UNPACKING pc=0x000000000291583b sp=0x00000000028cc5e8 mode 2


Dynamic libraries:
0x000000013feb0000 - 0x000000013fee7000 	C:\Program Files\Java\jdk1.8.0_172\bin\javaw.exe
0x0000000077660000 - 0x000000007780a000 	C:\Windows\SYSTEM32\ntdll.dll
0x0000000077540000 - 0x000000007765f000 	C:\Windows\system32\kernel32.dll
0x000007fefd760000 - 0x000007fefd7ca000 	C:\Windows\system32\KERNELBASE.dll
0x000007feff0d0000 - 0x000007feff1ab000 	C:\Windows\system32\ADVAPI32.dll
0x000007fefd980000 - 0x000007fefda1f000 	C:\Windows\system32\msvcrt.dll
0x000007fefdd20000 - 0x000007fefdd3f000 	C:\Windows\SYSTEM32\sechost.dll
0x000007fefda40000 - 0x000007fefdb6d000 	C:\Windows\system32\RPCRT4.dll
0x0000000077440000 - 0x000000007753a000 	C:\Windows\system32\USER32.dll
0x000007fefdc10000 - 0x000007fefdc77000 	C:\Windows\system32\GDI32.dll
0x000007feff440000 - 0x000007feff44e000 	C:\Windows\system32\LPK.dll
0x000007feff560000 - 0x000007feff62a000 	C:\Windows\system32\USP10.dll
0x000007fefc1a0000 - 0x000007fefc394000 	C:\Windows\WinSxS\amd64_microsoft.windows.common-controls_6595b64144ccf1df_6.0.7601.17514_none_fa396087175ac9ac\COMCTL32.dll
0x000007fefee20000 - 0x000007fefee91000 	C:\Windows\system32\SHLWAPI.dll
0x000007feff410000 - 0x000007feff43e000 	C:\Windows\system32\IMM32.DLL
0x000007feff450000 - 0x000007feff559000 	C:\Windows\system32\MSCTF.dll
0x00000000744a0000 - 0x0000000074572000 	C:\Program Files\Java\jdk1.8.0_172\jre\bin\msvcr100.dll
0x00000000626c0000 - 0x0000000062f63000 	C:\Program Files\Java\jdk1.8.0_172\jre\bin\server\jvm.dll
0x000007fef92e0000 - 0x000007fef92e9000 	C:\Windows\system32\WSOCK32.dll
0x000007feff020000 - 0x000007feff06d000 	C:\Windows\system32\WS2_32.dll
0x000007fefde70000 - 0x000007fefde78000 	C:\Windows\system32\NSI.dll
0x000007fef9940000 - 0x000007fef997b000 	C:\Windows\system32\WINMM.dll
0x000007fefc6f0000 - 0x000007fefc6fc000 	C:\Windows\system32\VERSION.dll
0x0000000077830000 - 0x0000000077837000 	C:\Windows\system32\PSAPI.DLL
0x0000000074750000 - 0x000000007475f000 	C:\Program Files\Java\jdk1.8.0_172\jre\bin\verify.dll
0x0000000074720000 - 0x0000000074749000 	C:\Program Files\Java\jdk1.8.0_172\jre\bin\java.dll
0x00000000746e0000 - 0x0000000074715000 	C:\Program Files\Java\jdk1.8.0_172\jre\bin\jdwp.dll
0x00000000746d0000 - 0x00000000746d8000 	C:\Program Files\Java\jdk1.8.0_172\jre\bin\npt.dll
0x0000000074630000 - 0x0000000074653000 	C:\Program Files\Java\jdk1.8.0_172\jre\bin\instrument.dll
0x0000000074610000 - 0x0000000074626000 	C:\Program Files\Java\jdk1.8.0_172\jre\bin\zip.dll
0x000007fefe090000 - 0x000007fefee18000 	C:\Windows\system32\SHELL32.dll
0x000007fefde80000 - 0x000007fefe083000 	C:\Windows\system32\ole32.dll
0x000007fefd5b0000 - 0x000007fefd5bf000 	C:\Windows\system32\profapi.dll
0x0000000074600000 - 0x0000000074609000 	C:\Program Files\Java\jdk1.8.0_172\jre\bin\dt_socket.dll
0x000007fefb900000 - 0x000007fefb915000 	C:\Windows\system32\NLAapi.dll
0x000007fefa3e0000 - 0x000007fefa3f5000 	C:\Windows\system32\napinsp.dll
0x000007fefa400000 - 0x000007fefa419000 	C:\Windows\system32\pnrpnsp.dll
0x000007fefcde0000 - 0x000007fefce35000 	C:\Windows\System32\mswsock.dll
0x000007fefcc60000 - 0x000007fefccbb000 	C:\Windows\system32\DNSAPI.dll
0x000007fef0380000 - 0x000007fef038b000 	C:\Windows\System32\winrnr.dll
0x0000000073ed0000 - 0x0000000073ef6000 	C:\Program Files\Bonjour\mdnsNSP.dll
0x000007fefafa0000 - 0x000007fefafc7000 	C:\Windows\system32\Iphlpapi.DLL
0x000007fefaf90000 - 0x000007fefaf9b000 	C:\Windows\system32\WINNSI.DLL
0x000007fefae90000 - 0x000007fefaee3000 	C:\Windows\System32\fwpuclnt.dll
0x000007fefa670000 - 0x000007fefa678000 	C:\Windows\system32\rasadhlp.dll
0x000007fefc7e0000 - 0x000007fefc7e7000 	C:\Windows\System32\wshtcpip.dll
0x00000000745f0000 - 0x00000000745fd000 	C:\Program Files\Java\jdk1.8.0_172\jre\bin\management.dll
0x00000000745d0000 - 0x00000000745ea000 	C:\Program Files\Java\jdk1.8.0_172\jre\bin\net.dll
0x000007fefcdd0000 - 0x000007fefcdd7000 	C:\Windows\System32\wship6.dll
0x00000000745b0000 - 0x00000000745c1000 	C:\Program Files\Java\jdk1.8.0_172\jre\bin\nio.dll
0x000007fef0d60000 - 0x000007fef0e85000 	C:\Windows\system32\dbghelp.dll

VM Arguments:
jvm_args: -agentlib:jdwp=transport=dt_socket,suspend=y,address=localhost:13372 -javaagent:C:\dev\eclipse\eclipse\configuration\org.eclipse.osgi\221\0\.cp\lib\javaagent-shaded.jar -Dfile.encoding=UTF-8 
java_command: com.next.infra.odata4.AppOdata4Jpa
java_class_path (initial): C:\Users\sunxufei\Documents\GitHub\poc\infra-odata4\target\classes;C:\Users\sunxufei\.m2\repository\org\apache\olingo\odata-commons-core\4.5.0\odata-commons-core-4.5.0.jar;C:\Users\sunxufei\.m2\repository\org\apache\olingo\odata-commons-api\4.5.0\odata-commons-api-4.5.0.jar;C:\Users\sunxufei\.m2\repository\commons-codec\commons-codec\1.9\commons-codec-1.9.jar;C:\Users\sunxufei\Documents\GitHub\olingo-jpa-processor-v4\jpa\odata-jpa-processor\target\classes;C:\Users\sunxufei\Documents\GitHub\olingo-jpa-processor-v4\jpa\odata-jpa-annotation\target\classes;C:\Users\sunxufei\.m2\repository\org\apache\olingo\odata-server-core\4.5.0\odata-server-core-4.5.0.jar;C:\Users\sunxufei\.m2\repository\com\fasterxml\jackson\core\jackson-core\2.9.7\jackson-core-2.9.7.jar;C:\Users\sunxufei\.m2\repository\com\fasterxml\jackson\core\jackson-databind\2.9.7\jackson-databind-2.9.7.jar;C:\Users\sunxufei\.m2\repository\com\fasterxml\aalto-xml\0.9.10\aalto-xml-0.9.10.jar;C:\Users\sunxufei\.m2\repository\org\eclipse\persistence\javax.persistence\2.1.0\javax.persistence-2.1.0.jar;C:\Users\sunxufei\Documents\GitHub\olingo-jpa-processor-v4\jpa\odata-jpa-metadata\target\classes;C:\Users\sunxufei\.m2\repository\com\fasterxml\jackson\dataformat\jackson-dataformat-xml\2.9.8\jackson-dataformat-xml-2.9.8.jar;C:\Users\sunxufei\.m2\repository\com\fasterxml\jackson\core\jackson-annotations\2.9.0\jackson-annotations-2.9.0.jar;C:\Users\sunxufei\.m2\repository\com\fasterxml\jackson\module\jackson-module-jaxb-annotations\2.9.8\jackson-module-jaxb-annotations-2.9.8.jar;C:\Users\sunxufei\.m2\repository\org\codehaus\woodstox\stax2-api\3.1.4\stax2-api-3.1.4.jar;C:\Users\sunxufei\.m2\repository\com\fasterxml\woodstox\woodstox-core\5.0.3\woodstox-core-5.0.3.jar;C:\Users\sunxufei\.m2\repository\com\fasterxml\jackson\dataformat\jackson-dataformat-yaml\2.7.8\jackson-dataformat-yaml-2.7.8.jar;C:\Users\sunxufei\.m2\repository\org\yaml\snakeyaml\1.23\snakeyaml-1.23.jar;C:\Users\sunxufei\.m2\r
Launcher Type: SUN_STANDARD

Environment Variables:
JAVA_HOME=C:\Program Files\Java\jdk1.8.0_172
PATH=C:\Program Files\Java\jdk1.8.0_172\jre\bin;C:/Program Files/Java/jre1.8.0_172/bin/server;C:/Program Files/Java/jre1.8.0_172/bin;C:/Program Files/Java/jre1.8.0_172/lib/amd64;C:\Program Files (x86)\Common Files\Oracle\Java\javapath;C:\Windows\system32;C:\Windows;C:\Windows\System32\Wbem;C:\Windows\System32\WindowsPowerShell\v1.0\;C:\Program Files (x86)\ATI Technologies\ATI.ACE\Core-Static;C:\Program Files\PuTTY\;C:\Program Files\Git\cmd;C:\Program Files\Microsoft SQL Server\Client SDK\ODBC\110\Tools\Binn\;C:\Program Files (x86)\Microsoft SQL Server\120\Tools\Binn\;C:\Program Files\Microsoft SQL Server\120\Tools\Binn\;C:\Program Files\Microsoft SQL Server\120\DTS\Binn\;C:\Program Files (x86)\Microsoft SQL Server\120\Tools\Binn\ManagementStudio\;C:\Program Files (x86)\Microsoft SQL Server\120\DTS\Binn\;C:\Program Files (x86)\Common Files\Propellerhead Software\ReWire\;C:\Program Files\Common Files\Propellerhead Software\ReWire\;C:\Users\sunxufei\AppData\Local\Programs\Python\Python37-32\Scripts\;C:\Users\sunxufei\AppData\Local\Programs\Python\Python37-32\;C:\Users\sunxufei\AppData\Local\GitHubDesktop\bin;C:\dev\apache-maven\bin;C:\Program Files\Java\jdk1.8.0_172\bin;C:\dev\gradle-4.9\bin;C:\dev\eclipse\eclipse;
USERNAME=sunxufei
OS=Windows_NT
PROCESSOR_IDENTIFIER=AMD64 Family 16 Model 5 Stepping 3, AuthenticAMD



---------------  S Y S T E M  ---------------

OS: Windows 7 , 64 bit Build 7601 (6.1.7601.23677)

CPU:total 4 (initial active 4) (4 cores per cpu, 1 threads per core) family 16 model 5 stepping 3, cmov, cx8, fxsr, mmx, sse, sse2, sse3, popcnt, mmxext, 3dnowpref, lzcnt, sse4a, tsc, tscinvbit, tscinv

Memory: 4k page, physical 16776340k(11528732k free), swap 17823056k(11791628k free)

vm_info: Java HotSpot(TM) 64-Bit Server VM (25.172-b11) for windows-amd64 JRE (1.8.0_172-b11), built on Mar 28 2018 21:21:52 by "java_re" with MS VC++ 10.0 (VS2010)

time: Sat Jan 12 14:00:56 2019
elapsed time: 6 seconds (0d 0h 0m 6s)

