#
# A fatal error has been detected by the Java Runtime Environment:
#
#  EXCEPTION_ACCESS_VIOLATION (0xc0000005) at pc=0x00000000627d5778, pid=1804, tid=0x0000000000001744
#
# JRE version: Java(TM) SE Runtime Environment (8.0_172-b11) (build 1.8.0_172-b11)
# Java VM: Java HotSpot(TM) 64-Bit Server VM (25.172-b11 mixed mode windows-amd64 compressed oops)
# Problematic frame:
# V  [jvm.dll+0x115778]
#
# Failed to write core dump. Minidumps are not enabled by default on client versions of Windows
#
# If you would like to submit a bug report, please visit:
#   http://bugreport.java.com/bugreport/crash.jsp
#

---------------  T H R E A D  ---------------

Current thread (0x00000000024b3800):  GCTaskThread [stack: 0x00000000129f0000,0x0000000012af0000] [id=5956]

siginfo: ExceptionCode=0xc0000005, reading address 0xffffffffffffffff

Registers:
RAX=0x0000000012ea0000, RBX=0x0000000000080000, RCX=0x0000000000000000, RDX=0x0000000000000000
RSP=0x0000000012aef890, RBP=0x00000007763a9828, RSI=0x000000001bfad0c0, RDI=0x000000001bfad0c0
R8 =0x007ffffffca00400, R9 =0x00000007c0097c40, R10=0x000000000000000c, R11=0x0000000062cc6458
R12=0x00000007763a982c, R13=0x00000007c0097ef0, R14=0x00000007c0097f00, R15=0x00000007763a9810
RIP=0x00000000627d5778, EFLAGS=0x0000000000010246

Top of Stack: (sp=0x0000000012aef890)
0x0000000012aef890:   00000007c0097c40 00000007763a97fc
0x0000000012aef8a0:   0000000000000006 00000000628dea92
0x0000000012aef8b0:   0000000000000000 00000000024b40f0
0x0000000012aef8c0:   00000000024af160 000000001bfad0c0
0x0000000012aef8d0:   0000000000000ad4 0000000062abac50
0x0000000012aef8e0:   000000001c7056e0 0000000012aef9f9
0x0000000012aef8f0:   000000001bfad0c0 0000000062d1a6e8
0x0000000012aef900:   000000001c700350 0000000012aef9b0
0x0000000012aef910:   000000001c033700 000000000000000c
0x0000000012aef920:   000000001bfad0c0 00000000627d3e22
0x0000000012aef930:   00000006c0022790 0000000000000000
0x0000000012aef940:   0000000000000000 00000000024af160
0x0000000012aef950:   00000000024b4100 00000000024b40f0
0x0000000012aef960:   0000000062d1a6e8 000000001bfad0c0
0x0000000012aef970:   0000000000000000 0000000012aef9f9
0x0000000012aef980:   000000001bf15570 0000000062ab7f20 

Instructions: (pc=0x00000000627d5778)
0x00000000627d5758:   05 b3 e4 70 00 49 c1 e8 03 49 d3 e8 41 0f b6 c0
0x00000000627d5768:   49 c1 e8 06 24 3f 0f b6 d0 48 8b 05 c8 e4 70 00
0x00000000627d5778:   4a 8b 0c c0 48 0f a3 d1 0f 82 59 01 00 00 0f b6
0x00000000627d5788:   15 f4 f0 6f 00 84 d2 74 16 44 8b 43 08 8b 0d 9d 


Register to memory mapping:

RAX=0x0000000012ea0000 is an unknown value
RBX=0x0000000000080000 is an unknown value
RCX=0x0000000000000000 is an unknown value
RDX=0x0000000000000000 is an unknown value
RSP=0x0000000012aef890 is an unknown value
RBP=0x00000007763a9828 is an unknown value
RSI=0x000000001bfad0c0 is an unknown value
RDI=0x000000001bfad0c0 is an unknown value
R8 =0x007ffffffca00400 is an unknown value
R9 =0x00000007c0097c40 is pointing into metadata
R10=0x000000000000000c is an unknown value
R11=0x0000000062cc6458 is an unknown value
R12=0x00000007763a982c is an unknown value
R13=0x00000007c0097ef0 is pointing into metadata
R14=0x00000007c0097f00 is pointing into metadata
R15=0x00000007763a9810 is an oop
java.util.concurrent.locks.ReentrantReadWriteLock$NonfairSync 
 - klass: 'java/util/concurrent/locks/ReentrantReadWriteLock$NonfairSync'


Stack: [0x00000000129f0000,0x0000000012af0000],  sp=0x0000000012aef890,  free space=1022k
Native frames: (J=compiled Java code, j=interpreted, Vv=VM code, C=native code)
V  [jvm.dll+0x115778]
V  [jvm.dll+0x3fac50]
V  [jvm.dll+0x3f7f20]
V  [jvm.dll+0x3f5aae]
V  [jvm.dll+0x29ee4a]
C  [msvcr100.dll+0x21d9f]
C  [msvcr100.dll+0x21e3b]
C  [kernel32.dll+0x159cd]
C  [ntdll.dll+0x2a561]


---------------  P R O C E S S  ---------------

Java Threads: ( => current thread )
  0x000000001e44b800 JavaThread "Service Thread" daemon [_thread_blocked, id=8144, stack(0x000000001eb70000,0x000000001ec70000)]
  0x000000001e3cc000 JavaThread "C1 CompilerThread2" daemon [_thread_blocked, id=5936, stack(0x000000001f090000,0x000000001f190000)]
  0x000000001e3cb800 JavaThread "C2 CompilerThread1" daemon [_thread_in_native, id=7916, stack(0x000000001eea0000,0x000000001efa0000)]
  0x000000001e3c4800 JavaThread "C2 CompilerThread0" daemon [_thread_blocked, id=3820, stack(0x000000001ec70000,0x000000001ed70000)]
  0x000000001d62d800 JavaThread "JDWP Command Reader" daemon [_thread_in_native, id=7416, stack(0x000000001e230000,0x000000001e330000)]
  0x000000001d62a000 JavaThread "JDWP Event Helper Thread" daemon [_thread_blocked, id=1584, stack(0x000000001e120000,0x000000001e220000)]
  0x000000001d601800 JavaThread "JDWP Transport Listener: dt_socket" daemon [_thread_blocked, id=4912, stack(0x000000001dee0000,0x000000001dfe0000)]
  0x000000001c09e800 JavaThread "Attach Listener" daemon [_thread_blocked, id=7604, stack(0x000000001d0c0000,0x000000001d1c0000)]
  0x000000001c098800 JavaThread "Signal Dispatcher" daemon [_thread_blocked, id=7860, stack(0x000000001daa0000,0x000000001dba0000)]
  0x000000001c07f000 JavaThread "Finalizer" daemon [_thread_blocked, id=8004, stack(0x000000001d4f0000,0x000000001d5f0000)]
  0x000000001c038000 JavaThread "Reference Handler" daemon [_thread_blocked, id=7996, stack(0x000000001d370000,0x000000001d470000)]
  0x000000000249d800 JavaThread "main" [_thread_blocked, id=3544, stack(0x00000000025e0000,0x00000000026e0000)]

Other Threads:
  0x000000001c030800 VMThread [stack: 0x000000001d210000,0x000000001d310000] [id=7600]
  0x000000001e4c5000 WatcherThread [stack: 0x000000001f250000,0x000000001f350000] [id=7256]

=>0x00000000024b3800 (exited) GCTaskThread [stack: 0x00000000129f0000,0x0000000012af0000] [id=5956]

VM state:at safepoint (normal execution)

VM Mutex/Monitor currently owned by a thread:  ([mutex/lock_event])
[0x000000000249ba00] Threads_lock - owner thread: 0x000000001c030800
[0x000000000249bf00] Heap_lock - owner thread: 0x000000000249d800

Heap:
 PSYoungGen      total 194560K, used 10217K [0x000000076ab00000, 0x000000077c080000, 0x00000007c0000000)
  eden space 184320K, 0% used [0x000000076ab00000,0x000000076ab00000,0x0000000775f00000)
  from space 10240K, 99% used [0x0000000775f00000,0x00000007768fa508,0x0000000776900000)
  to   space 11776K, 0% used [0x000000077b500000,0x000000077b500000,0x000000077c080000)
 ParOldGen       total 106496K, used 9820K [0x00000006c0000000, 0x00000006c6800000, 0x000000076ab00000)
  object space 106496K, 9% used [0x00000006c0000000,0x00000006c0997158,0x00000006c6800000)
 Metaspace       used 33963K, capacity 35268K, committed 35416K, reserved 1081344K
  class space    used 4300K, capacity 4540K, committed 4608K, reserved 1048576K

Card table byte_map: [0x0000000011c30000,0x0000000012440000] byte_map_base: 0x000000000e630000

Marking Bits: (ParMarkBitMap*) 0x0000000062ee3c10
 Begin Bits: [0x0000000012ea0000, 0x0000000016ea0000)
 End Bits:   [0x0000000016ea0000, 0x000000001aea0000)

Polling page: 0x0000000000320000

CodeCache: size=245760Kb used=13595Kb max_used=13607Kb free=232164Kb
 bounds [0x0000000002870000, 0x00000000035d0000, 0x0000000011870000]
 total_blobs=3740 nmethods=3328 adapters=333
 compilation: enabled

Compilation events (10 events):
Event: 8.088 Thread 0x000000001e3c4800 nmethod 3134 0x00000000035bdc50 code [0x00000000035bdf40, 0x00000000035bfe48]
Event: 8.089 Thread 0x000000001e3c4800 3404       4       java.util.Properties$LineReader::readLine (468 bytes)
Event: 8.102 Thread 0x000000001e3c4800 nmethod 3404 0x000000000358c0d0 code [0x000000000358c260, 0x000000000358c9b8]
Event: 8.102 Thread 0x000000001e3c4800 3398 %     4       java.util.Arrays::fill @ 5 (21 bytes)
Event: 8.105 Thread 0x000000001e3c4800 nmethod 3398% 0x00000000035bd850 code [0x00000000035bd9a0, 0x00000000035bdb58]
Event: 8.105 Thread 0x000000001e3c4800 3402       4       java.lang.Class$MethodArray::matchesNameAndDescriptor (42 bytes)
Event: 8.108 Thread 0x000000001e3c4800 nmethod 3402 0x00000000035bd050 code [0x00000000035bd1c0, 0x00000000035bd568]
Event: 8.108 Thread 0x000000001e3c4800 3114       4       org.springframework.util.ConcurrentReferenceHashMap$SoftEntryReference::get (8 bytes)
Event: 8.109 Thread 0x000000001e3c4800 nmethod 3114 0x00000000035bb890 code [0x00000000035bb9e0, 0x00000000035bba98]
Event: 8.114 Thread 0x000000001e3c4800 3408       4       org.eclipse.jdt.launching.internal.org.objectweb.asm.ClassReader::readStackMapFrame (535 bytes)

GC Heap History (10 events):
Event: 3.460 GC heap after
Heap after GC invocations=4 (full 0):
 PSYoungGen      total 141824K, used 6774K [0x000000076ab00000, 0x0000000774000000, 0x00000007c0000000)
  eden space 131072K, 0% used [0x000000076ab00000,0x000000076ab00000,0x0000000772b00000)
  from space 10752K, 63% used [0x0000000773580000,0x0000000773c1d890,0x0000000774000000)
  to   space 10752K, 0% used [0x0000000772b00000,0x0000000772b00000,0x0000000773580000)
 ParOldGen       total 175104K, used 32K [0x00000006c0000000, 0x00000006cab00000, 0x000000076ab00000)
  object space 175104K, 0% used [0x00000006c0000000,0x00000006c0008000,0x00000006cab00000)
 Metaspace       used 20538K, capacity 21036K, committed 21248K, reserved 1067008K
  class space    used 2568K, capacity 2714K, committed 2816K, reserved 1048576K
}
Event: 3.460 GC heap before
{Heap before GC invocations=5 (full 1):
 PSYoungGen      total 141824K, used 6774K [0x000000076ab00000, 0x0000000774000000, 0x00000007c0000000)
  eden space 131072K, 0% used [0x000000076ab00000,0x000000076ab00000,0x0000000772b00000)
  from space 10752K, 63% used [0x0000000773580000,0x0000000773c1d890,0x0000000774000000)
  to   space 10752K, 0% used [0x0000000772b00000,0x0000000772b00000,0x0000000773580000)
 ParOldGen       total 175104K, used 32K [0x00000006c0000000, 0x00000006cab00000, 0x000000076ab00000)
  object space 175104K, 0% used [0x00000006c0000000,0x00000006c0008000,0x00000006cab00000)
 Metaspace       used 20538K, capacity 21036K, committed 21248K, reserved 1067008K
  class space    used 2568K, capacity 2714K, committed 2816K, reserved 1048576K
Event: 3.670 GC heap after
Heap after GC invocations=5 (full 1):
 PSYoungGen      total 141824K, used 0K [0x000000076ab00000, 0x0000000774000000, 0x00000007c0000000)
  eden space 131072K, 0% used [0x000000076ab00000,0x000000076ab00000,0x0000000772b00000)
  from space 10752K, 0% used [0x0000000773580000,0x0000000773580000,0x0000000774000000)
  to   space 10752K, 0% used [0x0000000772b00000,0x0000000772b00000,0x0000000773580000)
 ParOldGen       total 106496K, used 6530K [0x00000006c0000000, 0x00000006c6800000, 0x000000076ab00000)
  object space 106496K, 6% used [0x00000006c0000000,0x00000006c0660b48,0x00000006c6800000)
 Metaspace       used 20536K, capacity 21030K, committed 21248K, reserved 1067008K
  class space    used 2567K, capacity 2713K, committed 2816K, reserved 1048576K
}
Event: 5.197 GC heap before
{Heap before GC invocations=6 (full 1):
 PSYoungGen      total 141824K, used 131072K [0x000000076ab00000, 0x0000000774000000, 0x00000007c0000000)
  eden space 131072K, 100% used [0x000000076ab00000,0x0000000772b00000,0x0000000772b00000)
  from space 10752K, 0% used [0x0000000773580000,0x0000000773580000,0x0000000774000000)
  to   space 10752K, 0% used [0x0000000772b00000,0x0000000772b00000,0x0000000773580000)
 ParOldGen       total 106496K, used 6530K [0x00000006c0000000, 0x00000006c6800000, 0x000000076ab00000)
  object space 106496K, 6% used [0x00000006c0000000,0x00000006c0660b48,0x00000006c6800000)
 Metaspace       used 26676K, capacity 27480K, committed 27648K, reserved 1073152K
  class space    used 3321K, capacity 3520K, committed 3584K, reserved 1048576K
Event: 5.229 GC heap after
Heap after GC invocations=6 (full 1):
 PSYoungGen      total 141824K, used 7203K [0x000000076ab00000, 0x0000000777300000, 0x00000007c0000000)
  eden space 131072K, 0% used [0x000000076ab00000,0x000000076ab00000,0x0000000772b00000)
  from space 10752K, 66% used [0x0000000772b00000,0x0000000773208f08,0x0000000773580000)
  to   space 8192K, 0% used [0x0000000776b00000,0x0000000776b00000,0x0000000777300000)
 ParOldGen       total 106496K, used 6602K [0x00000006c0000000, 0x00000006c6800000, 0x000000076ab00000)
  object space 106496K, 6% used [0x00000006c0000000,0x00000006c0672b58,0x00000006c6800000)
 Metaspace       used 26676K, capacity 27480K, committed 27648K, reserved 1073152K
  class space    used 3321K, capacity 3520K, committed 3584K, reserved 1048576K
}
Event: 7.391 GC heap before
{Heap before GC invocations=7 (full 1):
 PSYoungGen      total 141824K, used 138275K [0x000000076ab00000, 0x0000000777300000, 0x00000007c0000000)
  eden space 131072K, 100% used [0x000000076ab00000,0x0000000772b00000,0x0000000772b00000)
  from space 10752K, 66% used [0x0000000772b00000,0x0000000773208f08,0x0000000773580000)
  to   space 8192K, 0% used [0x0000000776b00000,0x0000000776b00000,0x0000000777300000)
 ParOldGen       total 106496K, used 6602K [0x00000006c0000000, 0x00000006c6800000, 0x000000076ab00000)
  object space 106496K, 6% used [0x00000006c0000000,0x00000006c0672b58,0x00000006c6800000)
 Metaspace       used 31925K, capacity 33160K, committed 33280K, reserved 1079296K
  class space    used 4027K, capacity 4288K, committed 4352K, reserved 1048576K
Event: 7.427 GC heap after
Heap after GC invocations=7 (full 1):
 PSYoungGen      total 191488K, used 8183K [0x000000076ab00000, 0x0000000777300000, 0x00000007c0000000)
  eden space 183296K, 0% used [0x000000076ab00000,0x000000076ab00000,0x0000000775e00000)
  from space 8192K, 99% used [0x0000000776b00000,0x00000007772fdc98,0x0000000777300000)
  to   space 10240K, 0% used [0x0000000775f00000,0x0000000775f00000,0x0000000776900000)
 ParOldGen       total 106496K, used 8621K [0x00000006c0000000, 0x00000006c6800000, 0x000000076ab00000)
  object space 106496K, 8% used [0x00000006c0000000,0x00000006c086b7b0,0x00000006c6800000)
 Metaspace       used 31925K, capacity 33160K, committed 33280K, reserved 1079296K
  class space    used 4027K, capacity 4288K, committed 4352K, reserved 1048576K
}
Event: 8.121 GC heap before
{Heap before GC invocations=8 (full 1):
 PSYoungGen      total 191488K, used 46018K [0x000000076ab00000, 0x0000000777300000, 0x00000007c0000000)
  eden space 183296K, 20% used [0x000000076ab00000,0x000000076cff2f20,0x0000000775e00000)
  from space 8192K, 99% used [0x0000000776b00000,0x00000007772fdc98,0x0000000777300000)
  to   space 10240K, 0% used [0x0000000775f00000,0x0000000775f00000,0x0000000776900000)
 ParOldGen       total 106496K, used 8621K [0x00000006c0000000, 0x00000006c6800000, 0x000000076ab00000)
  object space 106496K, 8% used [0x00000006c0000000,0x00000006c086b7b0,0x00000006c6800000)
 Metaspace       used 33963K, capacity 35268K, committed 35416K, reserved 1081344K
  class space    used 4300K, capacity 4540K, committed 4608K, reserved 1048576K
Event: 8.162 GC heap after
Heap after GC invocations=8 (full 1):
 PSYoungGen      total 194560K, used 10217K [0x000000076ab00000, 0x000000077c080000, 0x00000007c0000000)
  eden space 184320K, 0% used [0x000000076ab00000,0x000000076ab00000,0x0000000775f00000)
  from space 10240K, 99% used [0x0000000775f00000,0x00000007768fa508,0x0000000776900000)
  to   space 11776K, 0% used [0x000000077b500000,0x000000077b500000,0x000000077c080000)
 ParOldGen       total 106496K, used 9820K [0x00000006c0000000, 0x00000006c6800000, 0x000000076ab00000)
  object space 106496K, 9% used [0x00000006c0000000,0x00000006c0997158,0x00000006c6800000)
 Metaspace       used 33963K, capacity 35268K, committed 35416K, reserved 1081344K
  class space    used 4300K, capacity 4540K, committed 4608K, reserved 1048576K
}
Event: 8.162 GC heap before
{Heap before GC invocations=9 (full 2):
 PSYoungGen      total 194560K, used 10217K [0x000000076ab00000, 0x000000077c080000, 0x00000007c0000000)
  eden space 184320K, 0% used [0x000000076ab00000,0x000000076ab00000,0x0000000775f00000)
  from space 10240K, 99% used [0x0000000775f00000,0x00000007768fa508,0x0000000776900000)
  to   space 11776K, 0% used [0x000000077b500000,0x000000077b500000,0x000000077c080000)
 ParOldGen       total 106496K, used 9820K [0x00000006c0000000, 0x00000006c6800000, 0x000000076ab00000)
  object space 106496K, 9% used [0x00000006c0000000,0x00000006c0997158,0x00000006c6800000)
 Metaspace       used 33963K, capacity 35268K, committed 35416K, reserved 1081344K
  class space    used 4300K, capacity 4540K, committed 4608K, reserved 1048576K

Deoptimization events (10 events):
Event: 8.104 Thread 0x000000000249d800 Uncommon trap: reason=unhandled action=none pc=0x000000000320bcb0 method=java.net.URLClassLoader.findClass(Ljava/lang/String;)Ljava/lang/Class; @ 44
Event: 8.105 Thread 0x000000000249d800 Uncommon trap: reason=unhandled action=none pc=0x000000000320bcb0 method=java.net.URLClassLoader.findClass(Ljava/lang/String;)Ljava/lang/Class; @ 44
Event: 8.106 Thread 0x000000000249d800 Uncommon trap: reason=unhandled action=none pc=0x000000000320bcb0 method=java.net.URLClassLoader.findClass(Ljava/lang/String;)Ljava/lang/Class; @ 44
Event: 8.107 Thread 0x000000000249d800 Uncommon trap: reason=unhandled action=none pc=0x000000000320bcb0 method=java.net.URLClassLoader.findClass(Ljava/lang/String;)Ljava/lang/Class; @ 44
Event: 8.108 Thread 0x000000000249d800 Uncommon trap: reason=unhandled action=none pc=0x000000000320bcb0 method=java.net.URLClassLoader.findClass(Ljava/lang/String;)Ljava/lang/Class; @ 44
Event: 8.111 Thread 0x000000000249d800 Uncommon trap: reason=unhandled action=none pc=0x000000000320bcb0 method=java.net.URLClassLoader.findClass(Ljava/lang/String;)Ljava/lang/Class; @ 44
Event: 8.113 Thread 0x000000000249d800 Uncommon trap: reason=unhandled action=none pc=0x000000000320bcb0 method=java.net.URLClassLoader.findClass(Ljava/lang/String;)Ljava/lang/Class; @ 44
Event: 8.116 Thread 0x000000000249d800 Uncommon trap: reason=unhandled action=none pc=0x000000000320bcb0 method=java.net.URLClassLoader.findClass(Ljava/lang/String;)Ljava/lang/Class; @ 44
Event: 8.117 Thread 0x000000000249d800 Uncommon trap: reason=unhandled action=none pc=0x000000000320bcb0 method=java.net.URLClassLoader.findClass(Ljava/lang/String;)Ljava/lang/Class; @ 44
Event: 8.120 Thread 0x000000000249d800 Uncommon trap: reason=unhandled action=none pc=0x000000000320bcb0 method=java.net.URLClassLoader.findClass(Ljava/lang/String;)Ljava/lang/Class; @ 44

Classes redefined (0 events):
No events

Internal exceptions (10 events):
Event: 7.367 Thread 0x000000000249d800 Exception <a 'java/lang/ArrayIndexOutOfBoundsException': 199> (0x0000000772a72238) thrown at [C:\re\workspace\8-2-build-windows-amd64-cygwin\jdk8u172\10810\hotspot\src\share\vm\interpreter\interpreterRuntime.cpp, line 366]
Event: 7.440 Thread 0x000000000249d800 Exception <a 'java/lang/ArrayIndexOutOfBoundsException': 199> (0x000000076ab38930) thrown at [C:\re\workspace\8-2-build-windows-amd64-cygwin\jdk8u172\10810\hotspot\src\share\vm\interpreter\interpreterRuntime.cpp, line 366]
Event: 7.444 Thread 0x000000000249d800 Exception <a 'java/lang/ArrayIndexOutOfBoundsException': 266> (0x000000076ab5f130) thrown at [C:\re\workspace\8-2-build-windows-amd64-cygwin\jdk8u172\10810\hotspot\src\share\vm\interpreter\interpreterRuntime.cpp, line 366]
Event: 7.444 Thread 0x000000000249d800 Exception <a 'java/lang/ArrayIndexOutOfBoundsException': 119> (0x000000076ab610c8) thrown at [C:\re\workspace\8-2-build-windows-amd64-cygwin\jdk8u172\10810\hotspot\src\share\vm\interpreter\interpreterRuntime.cpp, line 366]
Event: 7.448 Thread 0x000000000249d800 Exception <a 'java/lang/ArrayIndexOutOfBoundsException': 162> (0x000000076ab8a918) thrown at [C:\re\workspace\8-2-build-windows-amd64-cygwin\jdk8u172\10810\hotspot\src\share\vm\interpreter\interpreterRuntime.cpp, line 366]
Event: 7.544 Thread 0x000000000249d800 Exception <a 'java/lang/ArrayIndexOutOfBoundsException': 6> (0x000000076b267498) thrown at [C:\re\workspace\8-2-build-windows-amd64-cygwin\jdk8u172\10810\hotspot\src\share\vm\interpreter\interpreterRuntime.cpp, line 366]
Event: 7.544 Thread 0x000000000249d800 Exception <a 'java/lang/ArrayIndexOutOfBoundsException': 96> (0x000000076b2687e0) thrown at [C:\re\workspace\8-2-build-windows-amd64-cygwin\jdk8u172\10810\hotspot\src\share\vm\interpreter\interpreterRuntime.cpp, line 366]
Event: 7.544 Thread 0x000000000249d800 Exception <a 'java/lang/ArrayIndexOutOfBoundsException': 135> (0x000000076b26a028) thrown at [C:\re\workspace\8-2-build-windows-amd64-cygwin\jdk8u172\10810\hotspot\src\share\vm\interpreter\interpreterRuntime.cpp, line 366]
Event: 7.548 Thread 0x000000000249d800 Exception <a 'java/lang/ArrayIndexOutOfBoundsException': 6> (0x000000076b289418) thrown at [C:\re\workspace\8-2-build-windows-amd64-cygwin\jdk8u172\10810\hotspot\src\share\vm\interpreter\interpreterRuntime.cpp, line 366]
Event: 7.549 Thread 0x000000000249d800 Exception <a 'java/lang/ArrayIndexOutOfBoundsException': 6> (0x000000076b28c078) thrown at [C:\re\workspace\8-2-build-windows-amd64-cygwin\jdk8u172\10810\hotspot\src\share\vm\interpreter\interpreterRuntime.cpp, line 366]

Events (10 events):
Event: 8.119 loading class org/springframework/boot/web/embedded/tomcat/TomcatEmbeddedContext
Event: 8.119 loading class org/springframework/boot/web/embedded/tomcat/TomcatEmbeddedContext done
Event: 8.119 loading class org/springframework/boot/web/embedded/tomcat/TomcatEmbeddedContext
Event: 8.119 loading class org/springframework/boot/web/embedded/tomcat/TomcatEmbeddedContext done
Event: 8.120 loading class org/apache/tomcat/util/scan/StandardJarScanFilter
Event: 8.120 loading class org/apache/tomcat/util/scan/StandardJarScanFilter done
Event: 8.120 Thread 0x000000000249d800 Uncommon trap: trap_request=0xffffffa7 fr.pc=0x000000000320bcb0
Event: 8.120 Thread 0x000000000249d800 DEOPT PACKING pc=0x000000000320bcb0 sp=0x00000000026ddc60
Event: 8.120 Thread 0x000000000249d800 DEOPT UNPACKING pc=0x00000000028b583b sp=0x00000000026ddb38 mode 2
Event: 8.121 Executing VM operation: CollectForMetadataAllocation


Dynamic libraries:
0x000000013ff10000 - 0x000000013ff47000 	C:\Program Files\Java\jdk1.8.0_172\bin\javaw.exe
0x0000000077660000 - 0x000000007780a000 	C:\Windows\SYSTEM32\ntdll.dll
0x0000000077540000 - 0x000000007765f000 	C:\Windows\system32\kernel32.dll
0x000007fefd760000 - 0x000007fefd7ca000 	C:\Windows\system32\KERNELBASE.dll
0x000007feff0d0000 - 0x000007feff1ab000 	C:\Windows\system32\ADVAPI32.dll
0x000007fefd980000 - 0x000007fefda1f000 	C:\Windows\system32\msvcrt.dll
0x000007fefdd20000 - 0x000007fefdd3f000 	C:\Windows\SYSTEM32\sechost.dll
0x000007fefda40000 - 0x000007fefdb6d000 	C:\Windows\system32\RPCRT4.dll
0x0000000077440000 - 0x000000007753a000 	C:\Windows\system32\USER32.dll
0x000007fefdc10000 - 0x000007fefdc77000 	C:\Windows\system32\GDI32.dll
0x000007feff440000 - 0x000007feff44e000 	C:\Windows\system32\LPK.dll
0x000007feff560000 - 0x000007feff62a000 	C:\Windows\system32\USP10.dll
0x000007fefc1a0000 - 0x000007fefc394000 	C:\Windows\WinSxS\amd64_microsoft.windows.common-controls_6595b64144ccf1df_6.0.7601.17514_none_fa396087175ac9ac\COMCTL32.dll
0x000007fefee20000 - 0x000007fefee91000 	C:\Windows\system32\SHLWAPI.dll
0x000007feff410000 - 0x000007feff43e000 	C:\Windows\system32\IMM32.DLL
0x000007feff450000 - 0x000007feff559000 	C:\Windows\system32\MSCTF.dll
0x00000000744a0000 - 0x0000000074572000 	C:\Program Files\Java\jdk1.8.0_172\jre\bin\msvcr100.dll
0x00000000626c0000 - 0x0000000062f63000 	C:\Program Files\Java\jdk1.8.0_172\jre\bin\server\jvm.dll
0x000007fef92e0000 - 0x000007fef92e9000 	C:\Windows\system32\WSOCK32.dll
0x000007feff020000 - 0x000007feff06d000 	C:\Windows\system32\WS2_32.dll
0x000007fefde70000 - 0x000007fefde78000 	C:\Windows\system32\NSI.dll
0x000007fef9940000 - 0x000007fef997b000 	C:\Windows\system32\WINMM.dll
0x000007fefc6f0000 - 0x000007fefc6fc000 	C:\Windows\system32\VERSION.dll
0x0000000077830000 - 0x0000000077837000 	C:\Windows\system32\PSAPI.DLL
0x0000000074740000 - 0x000000007474f000 	C:\Program Files\Java\jdk1.8.0_172\jre\bin\verify.dll
0x0000000074710000 - 0x0000000074739000 	C:\Program Files\Java\jdk1.8.0_172\jre\bin\java.dll
0x00000000746d0000 - 0x0000000074705000 	C:\Program Files\Java\jdk1.8.0_172\jre\bin\jdwp.dll
0x0000000074750000 - 0x0000000074758000 	C:\Program Files\Java\jdk1.8.0_172\jre\bin\npt.dll
0x0000000074630000 - 0x0000000074653000 	C:\Program Files\Java\jdk1.8.0_172\jre\bin\instrument.dll
0x0000000074610000 - 0x0000000074626000 	C:\Program Files\Java\jdk1.8.0_172\jre\bin\zip.dll
0x000007fefe090000 - 0x000007fefee18000 	C:\Windows\system32\SHELL32.dll
0x000007fefde80000 - 0x000007fefe083000 	C:\Windows\system32\ole32.dll
0x000007fefd5b0000 - 0x000007fefd5bf000 	C:\Windows\system32\profapi.dll
0x0000000074600000 - 0x0000000074609000 	C:\Program Files\Java\jdk1.8.0_172\jre\bin\dt_socket.dll
0x000007fefb900000 - 0x000007fefb915000 	C:\Windows\system32\NLAapi.dll
0x000007fefa3e0000 - 0x000007fefa3f5000 	C:\Windows\system32\napinsp.dll
0x000007fefa400000 - 0x000007fefa419000 	C:\Windows\system32\pnrpnsp.dll
0x000007fefcde0000 - 0x000007fefce35000 	C:\Windows\System32\mswsock.dll
0x000007fefcc60000 - 0x000007fefccbb000 	C:\Windows\system32\DNSAPI.dll
0x000007fef0380000 - 0x000007fef038b000 	C:\Windows\System32\winrnr.dll
0x0000000073ed0000 - 0x0000000073ef6000 	C:\Program Files\Bonjour\mdnsNSP.dll
0x000007fefafa0000 - 0x000007fefafc7000 	C:\Windows\system32\Iphlpapi.DLL
0x000007fefaf90000 - 0x000007fefaf9b000 	C:\Windows\system32\WINNSI.DLL
0x000007fefae90000 - 0x000007fefaee3000 	C:\Windows\System32\fwpuclnt.dll
0x000007fefa670000 - 0x000007fefa678000 	C:\Windows\system32\rasadhlp.dll
0x000007fefc7e0000 - 0x000007fefc7e7000 	C:\Windows\System32\wshtcpip.dll
0x00000000745f0000 - 0x00000000745fd000 	C:\Program Files\Java\jdk1.8.0_172\jre\bin\management.dll
0x00000000745d0000 - 0x00000000745ea000 	C:\Program Files\Java\jdk1.8.0_172\jre\bin\net.dll
0x000007fefcdd0000 - 0x000007fefcdd7000 	C:\Windows\System32\wship6.dll
0x00000000745b0000 - 0x00000000745c1000 	C:\Program Files\Java\jdk1.8.0_172\jre\bin\nio.dll
0x000007fefce40000 - 0x000007fefce57000 	C:\Windows\system32\CRYPTSP.dll
0x000007fefcb40000 - 0x000007fefcb87000 	C:\Windows\system32\rsaenh.dll
0x000007fefc8f0000 - 0x000007fefc90e000 	C:\Windows\system32\USERENV.dll
0x000007fefd4e0000 - 0x000007fefd4ef000 	C:\Windows\system32\CRYPTBASE.dll
0x000007fefad00000 - 0x000007fefad11000 	C:\Windows\system32\dhcpcsvc6.DLL
0x000007fefac80000 - 0x000007fefac98000 	C:\Windows\system32\dhcpcsvc.DLL
0x000007fef0d60000 - 0x000007fef0e85000 	C:\Windows\system32\dbghelp.dll

VM Arguments:
jvm_args: -agentlib:jdwp=transport=dt_socket,suspend=y,address=localhost:12621 -javaagent:C:\dev\eclipse\eclipse\configuration\org.eclipse.osgi\221\0\.cp\lib\javaagent-shaded.jar -Dfile.encoding=UTF-8 
java_command: com.next.infra.odata4.AppOdata4Jpa
java_class_path (initial): C:\Users\sunxufei\Documents\GitHub\poc\infra-odata4\target\classes;C:\Users\sunxufei\.m2\repository\org\apache\olingo\odata-commons-core\4.5.0\odata-commons-core-4.5.0.jar;C:\Users\sunxufei\.m2\repository\org\apache\olingo\odata-commons-api\4.5.0\odata-commons-api-4.5.0.jar;C:\Users\sunxufei\.m2\repository\commons-codec\commons-codec\1.9\commons-codec-1.9.jar;C:\Users\sunxufei\Documents\GitHub\olingo-jpa-processor-v4\jpa\odata-jpa-processor\target\classes;C:\Users\sunxufei\Documents\GitHub\olingo-jpa-processor-v4\jpa\odata-jpa-annotation\target\classes;C:\Users\sunxufei\.m2\repository\org\apache\olingo\odata-server-core\4.5.0\odata-server-core-4.5.0.jar;C:\Users\sunxufei\.m2\repository\com\fasterxml\jackson\core\jackson-core\2.9.7\jackson-core-2.9.7.jar;C:\Users\sunxufei\.m2\repository\com\fasterxml\jackson\core\jackson-databind\2.9.7\jackson-databind-2.9.7.jar;C:\Users\sunxufei\.m2\repository\com\fasterxml\aalto-xml\0.9.10\aalto-xml-0.9.10.jar;C:\Users\sunxufei\.m2\repository\org\eclipse\persistence\javax.persistence\2.1.0\javax.persistence-2.1.0.jar;C:\Users\sunxufei\Documents\GitHub\olingo-jpa-processor-v4\jpa\odata-jpa-metadata\target\classes;C:\Users\sunxufei\.m2\repository\com\fasterxml\jackson\dataformat\jackson-dataformat-xml\2.9.8\jackson-dataformat-xml-2.9.8.jar;C:\Users\sunxufei\.m2\repository\com\fasterxml\jackson\core\jackson-annotations\2.9.0\jackson-annotations-2.9.0.jar;C:\Users\sunxufei\.m2\repository\com\fasterxml\jackson\module\jackson-module-jaxb-annotations\2.9.8\jackson-module-jaxb-annotations-2.9.8.jar;C:\Users\sunxufei\.m2\repository\org\codehaus\woodstox\stax2-api\3.1.4\stax2-api-3.1.4.jar;C:\Users\sunxufei\.m2\repository\com\fasterxml\woodstox\woodstox-core\5.0.3\woodstox-core-5.0.3.jar;C:\Users\sunxufei\.m2\repository\com\fasterxml\jackson\dataformat\jackson-dataformat-yaml\2.7.8\jackson-dataformat-yaml-2.7.8.jar;C:\Users\sunxufei\.m2\repository\org\yaml\snakeyaml\1.23\snakeyaml-1.23.jar;C:\Users\sunxufei\.m2\r
Launcher Type: SUN_STANDARD

Environment Variables:
JAVA_HOME=C:\Program Files\Java\jdk1.8.0_172
PATH=C:\Program Files\Java\jdk1.8.0_172\jre\bin;C:/Program Files/Java/jre1.8.0_172/bin/server;C:/Program Files/Java/jre1.8.0_172/bin;C:/Program Files/Java/jre1.8.0_172/lib/amd64;C:\Program Files (x86)\Common Files\Oracle\Java\javapath;C:\Windows\system32;C:\Windows;C:\Windows\System32\Wbem;C:\Windows\System32\WindowsPowerShell\v1.0\;C:\Program Files (x86)\ATI Technologies\ATI.ACE\Core-Static;C:\Program Files\PuTTY\;C:\Program Files\Git\cmd;C:\Program Files\Microsoft SQL Server\Client SDK\ODBC\110\Tools\Binn\;C:\Program Files (x86)\Microsoft SQL Server\120\Tools\Binn\;C:\Program Files\Microsoft SQL Server\120\Tools\Binn\;C:\Program Files\Microsoft SQL Server\120\DTS\Binn\;C:\Program Files (x86)\Microsoft SQL Server\120\Tools\Binn\ManagementStudio\;C:\Program Files (x86)\Microsoft SQL Server\120\DTS\Binn\;C:\Program Files (x86)\Common Files\Propellerhead Software\ReWire\;C:\Program Files\Common Files\Propellerhead Software\ReWire\;C:\Users\sunxufei\AppData\Local\Programs\Python\Python37-32\Scripts\;C:\Users\sunxufei\AppData\Local\Programs\Python\Python37-32\;C:\Users\sunxufei\AppData\Local\GitHubDesktop\bin;C:\dev\apache-maven\bin;C:\Program Files\Java\jdk1.8.0_172\bin;C:\dev\gradle-4.9\bin;C:\dev\eclipse\eclipse;
USERNAME=sunxufei
OS=Windows_NT
PROCESSOR_IDENTIFIER=AMD64 Family 16 Model 5 Stepping 3, AuthenticAMD



---------------  S Y S T E M  ---------------

OS: Windows 7 , 64 bit Build 7601 (6.1.7601.23677)

CPU:total 4 (initial active 4) (4 cores per cpu, 1 threads per core) family 16 model 5 stepping 3, cmov, cx8, fxsr, mmx, sse, sse2, sse3, popcnt, mmxext, 3dnowpref, lzcnt, sse4a, tsc, tscinvbit, tscinv

Memory: 4k page, physical 16776340k(11551244k free), swap 17823056k(11763148k free)

vm_info: Java HotSpot(TM) 64-Bit Server VM (25.172-b11) for windows-amd64 JRE (1.8.0_172-b11), built on Mar 28 2018 21:21:52 by "java_re" with MS VC++ 10.0 (VS2010)

time: Sat Jan 12 13:54:04 2019
elapsed time: 8 seconds (0d 0h 0m 8s)

